{"/home/travis/build/npmtest/node-npmtest-react-lite/test.js":{"path":"/home/travis/build/npmtest/node-npmtest-react-lite/test.js","s":{"1":2,"2":2,"3":2,"4":2,"5":2,"6":2,"7":2,"8":1,"9":2,"10":2,"11":1,"12":1,"13":1,"14":1,"15":2,"16":2,"17":2,"18":2,"19":1,"20":1,"21":2,"22":2,"23":2,"24":1,"25":1,"26":1,"27":1,"28":1,"29":1,"30":1,"31":1,"32":1,"33":1,"34":1,"35":1,"36":1,"37":1,"38":1,"39":2,"40":2,"41":1,"42":2,"43":2,"44":1,"45":2,"46":2,"47":1,"48":2,"49":2,"50":1,"51":1,"52":1,"53":1,"54":1},"b":{"1":[2,1,1,1],"2":[1,1,1,1],"3":[1,1],"4":[1,1],"5":[1,1],"6":[1,1],"7":[1,1],"8":[1,1],"9":[1,1],"10":[1,1,1],"11":[1,1],"12":[1,1],"13":[1,1],"14":[1,1],"15":[1,1],"16":[1,1],"17":[1,1]},"f":{"1":2,"2":2,"3":2,"4":2,"5":2,"6":1,"7":1,"8":1,"9":2,"10":2,"11":2,"12":2,"13":1},"fnMap":{"1":{"name":"(anonymous_1)","line":12,"loc":{"start":{"line":12,"column":1},"end":{"line":12,"column":13}}},"2":{"name":"(anonymous_2)","line":19,"loc":{"start":{"line":19,"column":5},"end":{"line":19,"column":17}}},"3":{"name":"(anonymous_3)","line":23,"loc":{"start":{"line":23,"column":24},"end":{"line":23,"column":36}}},"4":{"name":"(anonymous_4)","line":61,"loc":{"start":{"line":61,"column":5},"end":{"line":61,"column":17}}},"5":{"name":"(anonymous_5)","line":82,"loc":{"start":{"line":82,"column":5},"end":{"line":82,"column":17}}},"6":{"name":"(anonymous_6)","line":91,"loc":{"start":{"line":91,"column":77},"end":{"line":94,"column":10}}},"7":{"name":"(anonymous_7)","line":112,"loc":{"start":{"line":112,"column":83},"end":{"line":115,"column":10}},"skip":true},"8":{"name":"(anonymous_8)","line":123,"loc":{"start":{"line":123,"column":77},"end":{"line":126,"column":10}},"skip":true},"9":{"name":"(anonymous_9)","line":139,"loc":{"start":{"line":139,"column":12},"end":{"line":139,"column":40}},"skip":true},"10":{"name":"(anonymous_10)","line":147,"loc":{"start":{"line":147,"column":77},"end":{"line":150,"column":10}},"skip":true},"11":{"name":"(anonymous_11)","line":158,"loc":{"start":{"line":158,"column":83},"end":{"line":161,"column":10}},"skip":true},"12":{"name":"(anonymous_12)","line":169,"loc":{"start":{"line":169,"column":79},"end":{"line":172,"column":10}},"skip":true},"13":{"name":"(anonymous_13)","line":180,"loc":{"start":{"line":180,"column":75},"end":{"line":183,"column":10}},"skip":true}},"statementMap":{"1":{"start":{"line":12,"column":0},"end":{"line":195,"column":5}},"2":{"start":{"line":14,"column":4},"end":{"line":14,"column":14}},"3":{"start":{"line":19,"column":4},"end":{"line":56,"column":9}},"4":{"start":{"line":21,"column":8},"end":{"line":21,"column":19}},"5":{"start":{"line":23,"column":8},"end":{"line":35,"column":13}},"6":{"start":{"line":24,"column":12},"end":{"line":34,"column":13}},"7":{"start":{"line":25,"column":16},"end":{"line":28,"column":30}},"8":{"start":{"line":30,"column":16},"end":{"line":33,"column":27}},"9":{"start":{"line":37,"column":8},"end":{"line":39,"column":21}},"10":{"start":{"line":40,"column":8},"end":{"line":53,"column":9}},"11":{"start":{"line":43,"column":12},"end":{"line":46,"column":14}},"12":{"start":{"line":47,"column":12},"end":{"line":47,"column":18}},"13":{"start":{"line":50,"column":12},"end":{"line":51,"column":33}},"14":{"start":{"line":52,"column":12},"end":{"line":52,"column":18}},"15":{"start":{"line":55,"column":8},"end":{"line":55,"column":35}},"16":{"start":{"line":61,"column":4},"end":{"line":63,"column":9}},"17":{"start":{"line":62,"column":8},"end":{"line":62,"column":15}},"18":{"start":{"line":64,"column":4},"end":{"line":77,"column":5}},"19":{"start":{"line":70,"column":8},"end":{"line":70,"column":14}},"20":{"start":{"line":76,"column":8},"end":{"line":76,"column":14}},"21":{"start":{"line":82,"column":4},"end":{"line":84,"column":9}},"22":{"start":{"line":83,"column":8},"end":{"line":83,"column":15}},"23":{"start":{"line":85,"column":4},"end":{"line":194,"column":5}},"24":{"start":{"line":91,"column":8},"end":{"line":99,"column":10}},"25":{"start":{"line":98,"column":12},"end":{"line":98,"column":35}},"26":{"start":{"line":102,"column":8},"end":{"line":104,"column":63}},"27":{"start":{"line":105,"column":8},"end":{"line":105,"column":14}},"28":{"start":{"line":112,"column":8},"end":{"line":121,"column":10},"skip":true},"29":{"start":{"line":119,"column":12},"end":{"line":119,"column":55},"skip":true},"30":{"start":{"line":120,"column":12},"end":{"line":120,"column":48},"skip":true},"31":{"start":{"line":123,"column":8},"end":{"line":136,"column":10},"skip":true},"32":{"start":{"line":130,"column":12},"end":{"line":130,"column":76},"skip":true},"33":{"start":{"line":131,"column":12},"end":{"line":131,"column":73},"skip":true},"34":{"start":{"line":132,"column":12},"end":{"line":132,"column":74},"skip":true},"35":{"start":{"line":133,"column":12},"end":{"line":133,"column":79},"skip":true},"36":{"start":{"line":134,"column":12},"end":{"line":134,"column":25},"skip":true},"37":{"start":{"line":135,"column":12},"end":{"line":135,"column":45},"skip":true},"38":{"start":{"line":138,"column":8},"end":{"line":145,"column":14},"skip":true},"39":{"start":{"line":143,"column":16},"end":{"line":143,"column":29},"skip":true},"40":{"start":{"line":144,"column":16},"end":{"line":144,"column":55},"skip":true},"41":{"start":{"line":147,"column":8},"end":{"line":156,"column":10},"skip":true},"42":{"start":{"line":154,"column":12},"end":{"line":154,"column":25},"skip":true},"43":{"start":{"line":155,"column":12},"end":{"line":155,"column":45},"skip":true},"44":{"start":{"line":158,"column":8},"end":{"line":167,"column":10},"skip":true},"45":{"start":{"line":165,"column":12},"end":{"line":165,"column":25},"skip":true},"46":{"start":{"line":166,"column":12},"end":{"line":166,"column":48},"skip":true},"47":{"start":{"line":169,"column":8},"end":{"line":178,"column":10},"skip":true},"48":{"start":{"line":176,"column":12},"end":{"line":176,"column":25},"skip":true},"49":{"start":{"line":177,"column":12},"end":{"line":177,"column":46},"skip":true},"50":{"start":{"line":180,"column":8},"end":{"line":189,"column":10},"skip":true},"51":{"start":{"line":187,"column":12},"end":{"line":187,"column":94},"skip":true},"52":{"start":{"line":188,"column":12},"end":{"line":188,"column":48},"skip":true},"53":{"start":{"line":192,"column":8},"end":{"line":192,"column":35},"skip":true},"54":{"start":{"line":193,"column":8},"end":{"line":193,"column":14},"skip":true}},"branchMap":{"1":{"line":25,"type":"binary-expr","locations":[{"start":{"line":25,"column":23},"end":{"line":25,"column":62}},{"start":{"line":26,"column":20},"end":{"line":26,"column":70}},{"start":{"line":27,"column":20},"end":{"line":27,"column":71}},{"start":{"line":28,"column":20},"end":{"line":28,"column":29}}]},"2":{"line":30,"type":"binary-expr","locations":[{"start":{"line":30,"column":23},"end":{"line":30,"column":37}},{"start":{"line":31,"column":20},"end":{"line":31,"column":61}},{"start":{"line":32,"column":20},"end":{"line":32,"column":70}},{"start":{"line":33,"column":20},"end":{"line":33,"column":26}}]},"3":{"line":37,"type":"cond-expr","locations":[{"start":{"line":38,"column":14},"end":{"line":38,"column":20}},{"start":{"line":39,"column":14},"end":{"line":39,"column":20}}]},"4":{"line":40,"type":"switch","locations":[{"start":{"line":42,"column":8},"end":{"line":47,"column":18}},{"start":{"line":49,"column":8},"end":{"line":52,"column":18}}]},"5":{"line":44,"type":"binary-expr","locations":[{"start":{"line":44,"column":16},"end":{"line":44,"column":44}},{"start":{"line":44,"column":48},"end":{"line":44,"column":66}}]},"6":{"line":50,"type":"binary-expr","locations":[{"start":{"line":50,"column":21},"end":{"line":50,"column":49}},{"start":{"line":50,"column":53},"end":{"line":50,"column":72}}]},"7":{"line":64,"type":"switch","locations":[{"start":{"line":69,"column":4},"end":{"line":70,"column":14}},{"start":{"line":75,"column":4},"end":{"line":76,"column":14}}]},"8":{"line":85,"type":"switch","locations":[{"start":{"line":90,"column":4},"end":{"line":105,"column":14}},{"start":{"line":111,"column":4},"end":{"line":193,"column":14},"skip":true}]},"9":{"line":91,"type":"binary-expr","locations":[{"start":{"line":91,"column":42},"end":{"line":91,"column":73}},{"start":{"line":91,"column":77},"end":{"line":99,"column":9}}]},"10":{"line":102,"type":"binary-expr","locations":[{"start":{"line":102,"column":18},"end":{"line":102,"column":32}},{"start":{"line":103,"column":12},"end":{"line":103,"column":53}},{"start":{"line":104,"column":12},"end":{"line":104,"column":61}}]},"11":{"line":112,"type":"binary-expr","locations":[{"start":{"line":112,"column":45},"end":{"line":112,"column":79},"skip":true},{"start":{"line":112,"column":83},"end":{"line":121,"column":9},"skip":true}]},"12":{"line":123,"type":"binary-expr","locations":[{"start":{"line":123,"column":42},"end":{"line":123,"column":73},"skip":true},{"start":{"line":123,"column":77},"end":{"line":136,"column":9},"skip":true}]},"13":{"line":138,"type":"binary-expr","locations":[{"start":{"line":138,"column":48},"end":{"line":138,"column":85},"skip":true},{"start":{"line":139,"column":12},"end":{"line":145,"column":13},"skip":true}]},"14":{"line":147,"type":"binary-expr","locations":[{"start":{"line":147,"column":42},"end":{"line":147,"column":73},"skip":true},{"start":{"line":147,"column":77},"end":{"line":156,"column":9},"skip":true}]},"15":{"line":158,"type":"binary-expr","locations":[{"start":{"line":158,"column":45},"end":{"line":158,"column":79},"skip":true},{"start":{"line":158,"column":83},"end":{"line":167,"column":9},"skip":true}]},"16":{"line":169,"type":"binary-expr","locations":[{"start":{"line":169,"column":43},"end":{"line":169,"column":75},"skip":true},{"start":{"line":169,"column":79},"end":{"line":178,"column":9},"skip":true}]},"17":{"line":180,"type":"binary-expr","locations":[{"start":{"line":180,"column":41},"end":{"line":180,"column":71},"skip":true},{"start":{"line":180,"column":75},"end":{"line":189,"column":9},"skip":true}]}},"code":["/* istanbul instrument in package npmtest_react_lite */","/*jslint","    bitwise: true,","    browser: true,","    maxerr: 8,","    maxlen: 96,","    node: true,","    nomen: true,","    regexp: true,","    stupid: true","*/","(function () {","    'use strict';","    var local;","","","","    // run shared js-env code - init-before","    (function () {","        // init local","        local = {};","        // init modeJs","        local.modeJs = (function () {","            try {","                return typeof navigator.userAgent === 'string' &&","                    typeof document.querySelector('body') === 'object' &&","                    typeof XMLHttpRequest.prototype.open === 'function' &&","                    'browser';","            } catch (errorCaughtBrowser) {","                return module.exports &&","                    typeof process.versions.node === 'string' &&","                    typeof require('http').createServer === 'function' &&","                    'node';","            }","        }());","        // init global","        local.global = local.modeJs === 'browser'","            ? window","            : global;","        switch (local.modeJs) {","        // re-init local from window.local","        case 'browser':","            local = local.global.utility2.objectSetDefault(","                local.global.utility2_rollup || local.global.local,","                local.global.utility2","            );","            break;","        // re-init local from example.js","        case 'node':","            local = (local.global.utility2_rollup || require('utility2'))","                .requireReadme();","            break;","        }","        // export local","        local.global.local = local;","    }());","","","","    // run shared js-env code - function","    (function () {","        return;","    }());","    switch (local.modeJs) {","","","","    // run browser js-env code - function","    case 'browser':","        break;","","","","    // run node js-env code - function","    case 'node':","        break;","    }","","","","    // run shared js-env code - init-after","    (function () {","        return;","    }());","    switch (local.modeJs) {","","","","    // run browser js-env code - init-after","    case 'browser':","        local.testCase_browser_nullCase = local.testCase_browser_nullCase || function (","            options,","            onError","        ) {","        /*","         * this function will test browsers's null-case handling-behavior-behavior","         */","            onError(null, options);","        };","","        // run tests","        local.nop(local.modeTest &&","            document.querySelector('#testRunButton1') &&","            document.querySelector('#testRunButton1').click());","        break;","","","","    // run node js-env code - init-after","    /* istanbul ignore next */","    case 'node':","        local.testCase_buildApidoc_default = local.testCase_buildApidoc_default || function (","            options,","            onError","        ) {","        /*","         * this function will test buildApidoc's default handling-behavior-behavior","         */","            options = { modulePathList: module.paths };","            local.buildApidoc(options, onError);","        };","","        local.testCase_buildApp_default = local.testCase_buildApp_default || function (","            options,","            onError","        ) {","        /*","         * this function will test buildApp's default handling-behavior-behavior","         */","            local.testCase_buildReadme_default(options, local.onErrorThrow);","            local.testCase_buildLib_default(options, local.onErrorThrow);","            local.testCase_buildTest_default(options, local.onErrorThrow);","            local.testCase_buildCustomOrg_default(options, local.onErrorThrow);","            options = [];","            local.buildApp(options, onError);","        };","","        local.testCase_buildCustomOrg_default = local.testCase_buildCustomOrg_default ||","            function (options, onError) {","            /*","             * this function will test buildCustomOrg's default handling-behavior","             */","                options = {};","                local.buildCustomOrg(options, onError);","            };","","        local.testCase_buildLib_default = local.testCase_buildLib_default || function (","            options,","            onError","        ) {","        /*","         * this function will test buildLib's default handling-behavior","         */","            options = {};","            local.buildLib(options, onError);","        };","","        local.testCase_buildReadme_default = local.testCase_buildReadme_default || function (","            options,","            onError","        ) {","        /*","         * this function will test buildReadme's default handling-behavior-behavior","         */","            options = {};","            local.buildReadme(options, onError);","        };","","        local.testCase_buildTest_default = local.testCase_buildTest_default || function (","            options,","            onError","        ) {","        /*","         * this function will test buildTest's default handling-behavior","         */","            options = {};","            local.buildTest(options, onError);","        };","","        local.testCase_webpage_default = local.testCase_webpage_default || function (","            options,","            onError","        ) {","        /*","         * this function will test webpage's default handling-behavior","         */","            options = { modeCoverageMerge: true, url: local.serverLocalHost + '?modeTest=1' };","            local.browserTest(options, onError);","        };","","        // run test-server","        local.testRunServer(local);","        break;","    }","}());",""],"l":{"12":2,"14":2,"19":2,"21":2,"23":2,"24":2,"25":2,"30":1,"37":2,"40":2,"43":1,"47":1,"50":1,"52":1,"55":2,"61":2,"62":2,"64":2,"70":1,"76":1,"82":2,"83":2,"85":2,"91":1,"98":1,"102":1,"105":1,"112":1,"119":1,"120":1,"123":1,"130":1,"131":1,"132":1,"133":1,"134":1,"135":1,"138":1,"143":2,"144":2,"147":1,"154":2,"155":2,"158":1,"165":2,"166":2,"169":1,"176":2,"177":2,"180":1,"187":1,"188":1,"192":1,"193":1}},"/home/travis/build/npmtest/node-npmtest-react-lite/lib.npmtest_react_lite.js":{"path":"/home/travis/build/npmtest/node-npmtest-react-lite/lib.npmtest_react_lite.js","s":{"1":2,"2":2,"3":2,"4":2,"5":2,"6":2,"7":2,"8":1,"9":2,"10":2,"11":2,"12":2,"13":1,"14":1,"15":1,"16":1},"b":{"1":[2,1,1,1],"2":[1,1,1,1],"3":[1,1],"4":[2,2],"5":[1,1]},"f":{"1":2,"2":2,"3":2},"fnMap":{"1":{"name":"(anonymous_1)","line":12,"loc":{"start":{"line":12,"column":1},"end":{"line":12,"column":13}}},"2":{"name":"(anonymous_2)","line":19,"loc":{"start":{"line":19,"column":5},"end":{"line":19,"column":17}}},"3":{"name":"(anonymous_3)","line":23,"loc":{"start":{"line":23,"column":24},"end":{"line":23,"column":36}}}},"statementMap":{"1":{"start":{"line":12,"column":0},"end":{"line":53,"column":5}},"2":{"start":{"line":14,"column":4},"end":{"line":14,"column":14}},"3":{"start":{"line":19,"column":4},"end":{"line":52,"column":9}},"4":{"start":{"line":21,"column":8},"end":{"line":21,"column":19}},"5":{"start":{"line":23,"column":8},"end":{"line":35,"column":13}},"6":{"start":{"line":24,"column":12},"end":{"line":34,"column":13}},"7":{"start":{"line":25,"column":16},"end":{"line":28,"column":30}},"8":{"start":{"line":30,"column":16},"end":{"line":33,"column":27}},"9":{"start":{"line":37,"column":8},"end":{"line":39,"column":21}},"10":{"start":{"line":41,"column":8},"end":{"line":41,"column":54}},"11":{"start":{"line":43,"column":8},"end":{"line":43,"column":55}},"12":{"start":{"line":45,"column":8},"end":{"line":51,"column":9}},"13":{"start":{"line":46,"column":12},"end":{"line":46,"column":61}},"14":{"start":{"line":48,"column":12},"end":{"line":48,"column":35}},"15":{"start":{"line":49,"column":12},"end":{"line":49,"column":49}},"16":{"start":{"line":50,"column":12},"end":{"line":50,"column":43}}},"branchMap":{"1":{"line":25,"type":"binary-expr","locations":[{"start":{"line":25,"column":23},"end":{"line":25,"column":62}},{"start":{"line":26,"column":20},"end":{"line":26,"column":70}},{"start":{"line":27,"column":20},"end":{"line":27,"column":71}},{"start":{"line":28,"column":20},"end":{"line":28,"column":29}}]},"2":{"line":30,"type":"binary-expr","locations":[{"start":{"line":30,"column":23},"end":{"line":30,"column":37}},{"start":{"line":31,"column":20},"end":{"line":31,"column":61}},{"start":{"line":32,"column":20},"end":{"line":32,"column":70}},{"start":{"line":33,"column":20},"end":{"line":33,"column":26}}]},"3":{"line":37,"type":"cond-expr","locations":[{"start":{"line":38,"column":14},"end":{"line":38,"column":20}},{"start":{"line":39,"column":14},"end":{"line":39,"column":20}}]},"4":{"line":41,"type":"binary-expr","locations":[{"start":{"line":41,"column":16},"end":{"line":41,"column":44}},{"start":{"line":41,"column":48},"end":{"line":41,"column":53}}]},"5":{"line":45,"type":"if","locations":[{"start":{"line":45,"column":8},"end":{"line":45,"column":8}},{"start":{"line":45,"column":8},"end":{"line":45,"column":8}}]}},"code":["/* istanbul instrument in package npmtest_react_lite */","/*jslint","    bitwise: true,","    browser: true,","    maxerr: 8,","    maxlen: 96,","    node: true,","    nomen: true,","    regexp: true,","    stupid: true","*/","(function () {","    'use strict';","    var local;","","","","    // run shared js-env code - init-before","    (function () {","        // init local","        local = {};","        // init modeJs","        local.modeJs = (function () {","            try {","                return typeof navigator.userAgent === 'string' &&","                    typeof document.querySelector('body') === 'object' &&","                    typeof XMLHttpRequest.prototype.open === 'function' &&","                    'browser';","            } catch (errorCaughtBrowser) {","                return module.exports &&","                    typeof process.versions.node === 'string' &&","                    typeof require('http').createServer === 'function' &&","                    'node';","            }","        }());","        // init global","        local.global = local.modeJs === 'browser'","            ? window","            : global;","        // init utility2_rollup","        local = local.global.utility2_rollup || local;","        // init lib","        local.local = local.npmtest_react_lite = local;","        // init exports","        if (local.modeJs === 'browser') {","            local.global.utility2_npmtest_react_lite = local;","        } else {","            module.exports = local;","            module.exports.__dirname = __dirname;","            module.exports.module = module;","        }","    }());","}());",""],"l":{"12":2,"14":2,"19":2,"21":2,"23":2,"24":2,"25":2,"30":1,"37":2,"41":2,"43":2,"45":2,"46":1,"48":1,"49":1,"50":1}},"/home/travis/build/npmtest/node-npmtest-react-lite/example.js":{"path":"/home/travis/build/npmtest/node-npmtest-react-lite/example.js","s":{"1":2,"2":2,"3":2,"4":2,"5":2,"6":2,"7":2,"8":1,"9":2,"10":2,"11":2,"12":2,"13":1,"14":2,"15":2,"16":2,"17":2,"18":2,"19":0,"20":2,"21":1,"22":1,"23":1,"24":1,"25":1,"26":0,"27":0,"28":1,"29":1,"30":2,"31":0,"32":0,"33":0,"34":1,"35":2,"36":2,"37":3,"38":3,"39":3,"40":3,"41":0,"42":3,"43":3,"44":3,"45":1,"46":3,"47":1,"48":1,"49":1,"50":1,"51":1,"52":1,"53":1,"54":1,"55":1,"56":1,"57":0,"58":1,"59":6,"60":6,"61":1,"62":2,"63":0,"64":2,"65":1,"66":1,"67":0,"68":0,"69":0,"70":0,"71":0,"72":0,"73":0,"74":0,"75":0,"76":0,"77":0,"78":0,"79":0,"80":0,"81":0,"82":0,"83":0},"b":{"1":[2,1,1,1],"2":[1,1,1,1],"3":[1,1],"4":[2,2],"5":[1,1],"6":[1,1],"7":[2,0],"8":[2,1,1,1,1,1],"9":[0,2,0],"10":[1,1],"11":[2,1,1],"12":[1,0],"13":[0,2],"14":[2,0,0,0,0,0,0],"15":[0,3],"16":[3,0],"17":[1,1],"18":[0,1],"19":[1,2,0,2],"20":[1,0],"21":[1,1],"22":[0,0],"23":[0,0],"24":[0,0],"25":[0,0],"26":[0,0],"27":[0,0],"28":[0,0]},"f":{"1":2,"2":2,"3":2,"4":2,"5":2,"6":2,"7":3,"8":3,"9":3,"10":1,"11":6,"12":0},"fnMap":{"1":{"name":"(anonymous_1)","line":26,"loc":{"start":{"line":26,"column":1},"end":{"line":26,"column":13}}},"2":{"name":"(anonymous_2)","line":33,"loc":{"start":{"line":33,"column":5},"end":{"line":33,"column":17}}},"3":{"name":"(anonymous_3)","line":37,"loc":{"start":{"line":37,"column":24},"end":{"line":37,"column":36}}},"4":{"name":"(anonymous_4)","line":69,"loc":{"start":{"line":69,"column":31},"end":{"line":69,"column":48}},"skip":true},"5":{"name":"(anonymous_5)","line":78,"loc":{"start":{"line":78,"column":26},"end":{"line":78,"column":45}},"skip":true},"6":{"name":"(anonymous_6)","line":123,"loc":{"start":{"line":123,"column":33},"end":{"line":123,"column":48}},"skip":true},"7":{"name":"(anonymous_7)","line":125,"loc":{"start":{"line":125,"column":27},"end":{"line":125,"column":39}},"skip":true},"8":{"name":"(anonymous_8)","line":133,"loc":{"start":{"line":133,"column":59},"end":{"line":133,"column":74}},"skip":true},"9":{"name":"(anonymous_9)","line":143,"loc":{"start":{"line":143,"column":45},"end":{"line":143,"column":62}},"skip":true},"10":{"name":"(anonymous_10)","line":144,"loc":{"start":{"line":144,"column":73},"end":{"line":144,"column":92}},"skip":true},"11":{"name":"(anonymous_11)","line":272,"loc":{"start":{"line":272,"column":51},"end":{"line":272,"column":77}},"skip":true},"12":{"name":"(anonymous_12)","line":315,"loc":{"start":{"line":315,"column":32},"end":{"line":315,"column":61}},"skip":true}},"statementMap":{"1":{"start":{"line":26,"column":0},"end":{"line":326,"column":5}},"2":{"start":{"line":28,"column":4},"end":{"line":28,"column":14}},"3":{"start":{"line":33,"column":4},"end":{"line":60,"column":9}},"4":{"start":{"line":35,"column":8},"end":{"line":35,"column":19}},"5":{"start":{"line":37,"column":8},"end":{"line":49,"column":13}},"6":{"start":{"line":38,"column":12},"end":{"line":48,"column":13}},"7":{"start":{"line":39,"column":16},"end":{"line":42,"column":30}},"8":{"start":{"line":44,"column":16},"end":{"line":47,"column":27}},"9":{"start":{"line":51,"column":8},"end":{"line":53,"column":21}},"10":{"start":{"line":55,"column":8},"end":{"line":57,"column":45}},"11":{"start":{"line":59,"column":8},"end":{"line":59,"column":35}},"12":{"start":{"line":61,"column":4},"end":{"line":325,"column":5}},"13":{"start":{"line":69,"column":8},"end":{"line":121,"column":10},"skip":true},"14":{"start":{"line":70,"column":12},"end":{"line":88,"column":13},"skip":true},"15":{"start":{"line":76,"column":16},"end":{"line":87,"column":19},"skip":true},"16":{"start":{"line":79,"column":20},"end":{"line":86,"column":21},"skip":true},"17":{"start":{"line":82,"column":24},"end":{"line":82,"column":43},"skip":true},"18":{"start":{"line":83,"column":24},"end":{"line":83,"column":30},"skip":true},"19":{"start":{"line":85,"column":24},"end":{"line":85,"column":49},"skip":true},"20":{"start":{"line":89,"column":12},"end":{"line":107,"column":13},"skip":true},"21":{"start":{"line":92,"column":16},"end":{"line":102,"column":17},"skip":true},"22":{"start":{"line":93,"column":20},"end":{"line":93,"column":86},"skip":true},"23":{"start":{"line":94,"column":20},"end":{"line":95,"column":45},"skip":true},"24":{"start":{"line":96,"column":20},"end":{"line":96,"column":42},"skip":true},"25":{"start":{"line":97,"column":20},"end":{"line":97,"column":48},"skip":true},"26":{"start":{"line":100,"column":20},"end":{"line":100,"column":85},"skip":true},"27":{"start":{"line":101,"column":20},"end":{"line":101,"column":96},"skip":true},"28":{"start":{"line":103,"column":16},"end":{"line":103,"column":22},"skip":true},"29":{"start":{"line":106,"column":16},"end":{"line":106,"column":22},"skip":true},"30":{"start":{"line":108,"column":12},"end":{"line":120,"column":13},"skip":true},"31":{"start":{"line":114,"column":16},"end":{"line":119,"column":17},"skip":true},"32":{"start":{"line":116,"column":20},"end":{"line":116,"column":78},"skip":true},"33":{"start":{"line":118,"column":20},"end":{"line":118,"column":47},"skip":true},"34":{"start":{"line":123,"column":8},"end":{"line":141,"column":11},"skip":true},"35":{"start":{"line":124,"column":12},"end":{"line":124,"column":54},"skip":true},"36":{"start":{"line":125,"column":12},"end":{"line":140,"column":14},"skip":true},"37":{"start":{"line":126,"column":16},"end":{"line":126,"column":28},"skip":true},"38":{"start":{"line":127,"column":16},"end":{"line":127,"column":69},"skip":true},"39":{"start":{"line":128,"column":16},"end":{"line":128,"column":75},"skip":true},"40":{"start":{"line":129,"column":16},"end":{"line":131,"column":17},"skip":true},"41":{"start":{"line":130,"column":20},"end":{"line":130,"column":27},"skip":true},"42":{"start":{"line":133,"column":16},"end":{"line":137,"column":36},"skip":true},"43":{"start":{"line":134,"column":20},"end":{"line":136,"column":55},"skip":true},"44":{"start":{"line":139,"column":16},"end":{"line":139,"column":57},"skip":true},"45":{"start":{"line":143,"column":8},"end":{"line":147,"column":11},"skip":true},"46":{"start":{"line":144,"column":12},"end":{"line":146,"column":15},"skip":true},"47":{"start":{"line":145,"column":16},"end":{"line":145,"column":70},"skip":true},"48":{"start":{"line":149,"column":8},"end":{"line":149,"column":31},"skip":true},"49":{"start":{"line":150,"column":8},"end":{"line":150,"column":14},"skip":true},"50":{"start":{"line":158,"column":8},"end":{"line":158,"column":31},"skip":true},"51":{"start":{"line":160,"column":8},"end":{"line":160,"column":33},"skip":true},"52":{"start":{"line":161,"column":8},"end":{"line":161,"column":37},"skip":true},"53":{"start":{"line":162,"column":8},"end":{"line":162,"column":35},"skip":true},"54":{"start":{"line":164,"column":8},"end":{"line":164,"column":50},"skip":true},"55":{"start":{"line":166,"column":8},"end":{"line":256,"column":2},"skip":true},"56":{"start":{"line":258,"column":8},"end":{"line":286,"column":9},"skip":true},"57":{"start":{"line":259,"column":12},"end":{"line":269,"column":14},"skip":true},"58":{"start":{"line":271,"column":12},"end":{"line":285,"column":19},"skip":true},"59":{"start":{"line":274,"column":20},"end":{"line":274,"column":35},"skip":true},"60":{"start":{"line":275,"column":20},"end":{"line":284,"column":21},"skip":true},"61":{"start":{"line":277,"column":24},"end":{"line":277,"column":64},"skip":true},"62":{"start":{"line":279,"column":24},"end":{"line":279,"column":40},"skip":true},"63":{"start":{"line":281,"column":24},"end":{"line":281,"column":40},"skip":true},"64":{"start":{"line":283,"column":24},"end":{"line":283,"column":39},"skip":true},"65":{"start":{"line":288,"column":8},"end":{"line":290,"column":9},"skip":true},"66":{"start":{"line":289,"column":12},"end":{"line":289,"column":18},"skip":true},"67":{"start":{"line":291,"column":8},"end":{"line":293,"column":54},"skip":true},"68":{"start":{"line":296,"column":8},"end":{"line":301,"column":37},"skip":true},"69":{"start":{"line":303,"column":8},"end":{"line":303,"column":82},"skip":true},"70":{"start":{"line":306,"column":8},"end":{"line":308,"column":9},"skip":true},"71":{"start":{"line":307,"column":12},"end":{"line":307,"column":82},"skip":true},"72":{"start":{"line":310,"column":8},"end":{"line":312,"column":9},"skip":true},"73":{"start":{"line":311,"column":12},"end":{"line":311,"column":18},"skip":true},"74":{"start":{"line":313,"column":8},"end":{"line":313,"column":54},"skip":true},"75":{"start":{"line":314,"column":8},"end":{"line":314,"column":69},"skip":true},"76":{"start":{"line":315,"column":8},"end":{"line":323,"column":36},"skip":true},"77":{"start":{"line":316,"column":12},"end":{"line":316,"column":61},"skip":true},"78":{"start":{"line":317,"column":12},"end":{"line":320,"column":13},"skip":true},"79":{"start":{"line":318,"column":16},"end":{"line":318,"column":75},"skip":true},"80":{"start":{"line":319,"column":16},"end":{"line":319,"column":23},"skip":true},"81":{"start":{"line":321,"column":12},"end":{"line":321,"column":38},"skip":true},"82":{"start":{"line":322,"column":12},"end":{"line":322,"column":27},"skip":true},"83":{"start":{"line":324,"column":8},"end":{"line":324,"column":14},"skip":true}},"branchMap":{"1":{"line":39,"type":"binary-expr","locations":[{"start":{"line":39,"column":23},"end":{"line":39,"column":62}},{"start":{"line":40,"column":20},"end":{"line":40,"column":70}},{"start":{"line":41,"column":20},"end":{"line":41,"column":71}},{"start":{"line":42,"column":20},"end":{"line":42,"column":29}}]},"2":{"line":44,"type":"binary-expr","locations":[{"start":{"line":44,"column":23},"end":{"line":44,"column":37}},{"start":{"line":45,"column":20},"end":{"line":45,"column":61}},{"start":{"line":46,"column":20},"end":{"line":46,"column":70}},{"start":{"line":47,"column":20},"end":{"line":47,"column":26}}]},"3":{"line":51,"type":"cond-expr","locations":[{"start":{"line":52,"column":14},"end":{"line":52,"column":20}},{"start":{"line":53,"column":14},"end":{"line":53,"column":20}}]},"4":{"line":55,"type":"binary-expr","locations":[{"start":{"line":55,"column":16},"end":{"line":55,"column":44}},{"start":{"line":55,"column":49},"end":{"line":57,"column":43}}]},"5":{"line":55,"type":"cond-expr","locations":[{"start":{"line":56,"column":14},"end":{"line":56,"column":54}},{"start":{"line":57,"column":14},"end":{"line":57,"column":43}}]},"6":{"line":61,"type":"switch","locations":[{"start":{"line":68,"column":4},"end":{"line":150,"column":14},"skip":true},{"start":{"line":156,"column":4},"end":{"line":324,"column":14},"skip":true}]},"7":{"line":70,"type":"if","locations":[{"start":{"line":70,"column":12},"end":{"line":70,"column":12},"skip":true},{"start":{"line":70,"column":12},"end":{"line":70,"column":12},"skip":true}]},"8":{"line":70,"type":"binary-expr","locations":[{"start":{"line":70,"column":16},"end":{"line":70,"column":22},"skip":true},{"start":{"line":70,"column":27},"end":{"line":70,"column":32},"skip":true},{"start":{"line":71,"column":20},"end":{"line":71,"column":39},"skip":true},{"start":{"line":72,"column":20},"end":{"line":72,"column":49},"skip":true},{"start":{"line":73,"column":20},"end":{"line":73,"column":58},"skip":true},{"start":{"line":74,"column":20},"end":{"line":74,"column":69},"skip":true}]},"9":{"line":79,"type":"switch","locations":[{"start":{"line":80,"column":20},"end":{"line":80,"column":33},"skip":true},{"start":{"line":81,"column":20},"end":{"line":83,"column":30},"skip":true},{"start":{"line":84,"column":20},"end":{"line":85,"column":49},"skip":true}]},"10":{"line":89,"type":"switch","locations":[{"start":{"line":90,"column":12},"end":{"line":103,"column":22},"skip":true},{"start":{"line":105,"column":12},"end":{"line":106,"column":22},"skip":true}]},"11":{"line":89,"type":"binary-expr","locations":[{"start":{"line":89,"column":20},"end":{"line":89,"column":25},"skip":true},{"start":{"line":89,"column":29},"end":{"line":89,"column":48},"skip":true},{"start":{"line":89,"column":52},"end":{"line":89,"column":74},"skip":true}]},"12":{"line":92,"type":"if","locations":[{"start":{"line":92,"column":16},"end":{"line":92,"column":16},"skip":true},{"start":{"line":92,"column":16},"end":{"line":92,"column":16},"skip":true}]},"13":{"line":108,"type":"if","locations":[{"start":{"line":108,"column":12},"end":{"line":108,"column":12},"skip":true},{"start":{"line":108,"column":12},"end":{"line":108,"column":12},"skip":true}]},"14":{"line":108,"type":"binary-expr","locations":[{"start":{"line":108,"column":16},"end":{"line":108,"column":61},"skip":true},{"start":{"line":108,"column":66},"end":{"line":108,"column":72},"skip":true},{"start":{"line":108,"column":77},"end":{"line":108,"column":82},"skip":true},{"start":{"line":109,"column":20},"end":{"line":109,"column":39},"skip":true},{"start":{"line":110,"column":20},"end":{"line":110,"column":49},"skip":true},{"start":{"line":111,"column":20},"end":{"line":111,"column":58},"skip":true},{"start":{"line":112,"column":20},"end":{"line":112,"column":68},"skip":true}]},"15":{"line":129,"type":"if","locations":[{"start":{"line":129,"column":16},"end":{"line":129,"column":16},"skip":true},{"start":{"line":129,"column":16},"end":{"line":129,"column":16},"skip":true}]},"16":{"line":134,"type":"cond-expr","locations":[{"start":{"line":135,"column":26},"end":{"line":135,"column":29},"skip":true},{"start":{"line":136,"column":26},"end":{"line":136,"column":54},"skip":true}]},"17":{"line":164,"type":"binary-expr","locations":[{"start":{"line":164,"column":27},"end":{"line":164,"column":43},"skip":true},{"start":{"line":164,"column":47},"end":{"line":164,"column":49},"skip":true}]},"18":{"line":258,"type":"if","locations":[{"start":{"line":258,"column":8},"end":{"line":258,"column":8},"skip":true},{"start":{"line":258,"column":8},"end":{"line":258,"column":8},"skip":true}]},"19":{"line":275,"type":"switch","locations":[{"start":{"line":276,"column":20},"end":{"line":277,"column":64},"skip":true},{"start":{"line":278,"column":20},"end":{"line":279,"column":40},"skip":true},{"start":{"line":280,"column":20},"end":{"line":281,"column":40},"skip":true},{"start":{"line":282,"column":20},"end":{"line":283,"column":39},"skip":true}]},"20":{"line":288,"type":"if","locations":[{"start":{"line":288,"column":8},"end":{"line":288,"column":8},"skip":true},{"start":{"line":288,"column":8},"end":{"line":288,"column":8},"skip":true}]},"21":{"line":288,"type":"binary-expr","locations":[{"start":{"line":288,"column":12},"end":{"line":288,"column":40},"skip":true},{"start":{"line":288,"column":44},"end":{"line":288,"column":67},"skip":true}]},"22":{"line":292,"type":"binary-expr","locations":[{"start":{"line":292,"column":12},"end":{"line":292,"column":50},"skip":true},{"start":{"line":293,"column":12},"end":{"line":293,"column":53},"skip":true}]},"23":{"line":297,"type":"binary-expr","locations":[{"start":{"line":297,"column":12},"end":{"line":297,"column":68},"skip":true},{"start":{"line":298,"column":12},"end":{"line":301,"column":36},"skip":true}]},"24":{"line":303,"type":"binary-expr","locations":[{"start":{"line":303,"column":43},"end":{"line":303,"column":75},"skip":true},{"start":{"line":303,"column":79},"end":{"line":303,"column":81},"skip":true}]},"25":{"line":306,"type":"if","locations":[{"start":{"line":306,"column":8},"end":{"line":306,"column":8},"skip":true},{"start":{"line":306,"column":8},"end":{"line":306,"column":8},"skip":true}]},"26":{"line":310,"type":"if","locations":[{"start":{"line":310,"column":8},"end":{"line":310,"column":8},"skip":true},{"start":{"line":310,"column":8},"end":{"line":310,"column":8},"skip":true}]},"27":{"line":313,"type":"binary-expr","locations":[{"start":{"line":313,"column":27},"end":{"line":313,"column":43},"skip":true},{"start":{"line":313,"column":47},"end":{"line":313,"column":53},"skip":true}]},"28":{"line":317,"type":"if","locations":[{"start":{"line":317,"column":12},"end":{"line":317,"column":12},"skip":true},{"start":{"line":317,"column":12},"end":{"line":317,"column":12},"skip":true}]}},"code":["/*","example.js","","quickstart example","","instruction","    1. save this script as example.js","    2. run the shell command:","        $ npm install npmtest-react-lite && PORT=8081 node example.js","    3. play with the browser-demo on http://127.0.0.1:8081","*/","","","","/* istanbul instrument in package npmtest_react_lite */","/*jslint","    bitwise: true,","    browser: true,","    maxerr: 8,","    maxlen: 96,","    node: true,","    nomen: true,","    regexp: true,","    stupid: true","*/","(function () {","    'use strict';","    var local;","","","","    // run shared js-env code - init-before","    (function () {","        // init local","        local = {};","        // init modeJs","        local.modeJs = (function () {","            try {","                return typeof navigator.userAgent === 'string' &&","                    typeof document.querySelector('body') === 'object' &&","                    typeof XMLHttpRequest.prototype.open === 'function' &&","                    'browser';","            } catch (errorCaughtBrowser) {","                return module.exports &&","                    typeof process.versions.node === 'string' &&","                    typeof require('http').createServer === 'function' &&","                    'node';","            }","        }());","        // init global","        local.global = local.modeJs === 'browser'","            ? window","            : global;","        // init utility2_rollup","        local = local.global.utility2_rollup || (local.modeJs === 'browser'","            ? local.global.utility2_npmtest_react_lite","            : global.utility2_moduleExports);","        // export local","        local.global.local = local;","    }());","    switch (local.modeJs) {","","","","    // init-after","    // run browser js-env code - init-after","    /* istanbul ignore next */","    case 'browser':","        local.testRunBrowser = function (event) {","            if (!event || (event &&","                    event.currentTarget &&","                    event.currentTarget.className &&","                    event.currentTarget.className.includes &&","                    event.currentTarget.className.includes('onreset'))) {","                // reset output","                Array.from(","                    document.querySelectorAll('body > .resettable')","                ).forEach(function (element) {","                    switch (element.tagName) {","                    case 'INPUT':","                    case 'TEXTAREA':","                        element.value = '';","                        break;","                    default:","                        element.textContent = '';","                    }","                });","            }","            switch (event && event.currentTarget && event.currentTarget.id) {","            case 'testRunButton1':","                // show tests","                if (document.querySelector('#testReportDiv1').style.display === 'none') {","                    document.querySelector('#testReportDiv1').style.display = 'block';","                    document.querySelector('#testRunButton1').textContent =","                        'hide internal test';","                    local.modeTest = true;","                    local.testRunDefault(local);","                // hide tests","                } else {","                    document.querySelector('#testReportDiv1').style.display = 'none';","                    document.querySelector('#testRunButton1').textContent = 'run internal test';","                }","                break;","            // custom-case","            default:","                break;","            }","            if (document.querySelector('#inputTextareaEval1') && (!event || (event &&","                    event.currentTarget &&","                    event.currentTarget.className &&","                    event.currentTarget.className.includes &&","                    event.currentTarget.className.includes('oneval')))) {","                // try to eval input-code","                try {","                    /*jslint evil: true*/","                    eval(document.querySelector('#inputTextareaEval1').value);","                } catch (errorCaught) {","                    console.error(errorCaught);","                }","            }","        };","        // log stderr and stdout to #outputTextareaStdout1","        ['error', 'log'].forEach(function (key) {","            console[key + '_original'] = console[key];","            console[key] = function () {","                var element;","                console[key + '_original'].apply(console, arguments);","                element = document.querySelector('#outputTextareaStdout1');","                if (!element) {","                    return;","                }","                // append text to #outputTextareaStdout1","                element.value += Array.from(arguments).map(function (arg) {","                    return typeof arg === 'string'","                        ? arg","                        : JSON.stringify(arg, null, 4);","                }).join(' ') + '\\n';","                // scroll textarea to bottom","                element.scrollTop = element.scrollHeight;","            };","        });","        // init event-handling","        ['change', 'click', 'keyup'].forEach(function (event) {","            Array.from(document.querySelectorAll('.on' + event)).forEach(function (element) {","                element.addEventListener(event, local.testRunBrowser);","            });","        });","        // run tests","        local.testRunBrowser();","        break;","","","","    // run node js-env code - init-after","    /* istanbul ignore next */","    case 'node':","        // export local","        module.exports = local;","        // require modules","        local.fs = require('fs');","        local.http = require('http');","        local.url = require('url');","        // init assets","        local.assetsDict = local.assetsDict || {};","        /* jslint-ignore-begin */","        local.assetsDict['/assets.index.template.html'] = '\\","<!doctype html>\\n\\","<html lang=\"en\">\\n\\","<head>\\n\\","<meta charset=\"UTF-8\">\\n\\","<meta name=\"viewport\" content=\"width=device-width, initial-scale=1\">\\n\\","<title>{{env.npm_package_name}} (v{{env.npm_package_version}})</title>\\n\\","<style>\\n\\","/*csslint\\n\\","    box-sizing: false,\\n\\","    universal-selector: false\\n\\","*/\\n\\","* {\\n\\","    box-sizing: border-box;\\n\\","}\\n\\","body {\\n\\","    background: #dde;\\n\\","    font-family: Arial, Helvetica, sans-serif;\\n\\","    margin: 2rem;\\n\\","}\\n\\","body > * {\\n\\","    margin-bottom: 1rem;\\n\\","}\\n\\",".utility2FooterDiv {\\n\\","    margin-top: 20px;\\n\\","    text-align: center;\\n\\","}\\n\\","</style>\\n\\","<style>\\n\\","/*csslint\\n\\","*/\\n\\","textarea {\\n\\","    font-family: monospace;\\n\\","    height: 10rem;\\n\\","    width: 100%;\\n\\","}\\n\\","textarea[readonly] {\\n\\","    background: #ddd;\\n\\","}\\n\\","</style>\\n\\","</head>\\n\\","<body>\\n\\","<!-- utility2-comment\\n\\","<div id=\"ajaxProgressDiv1\" style=\"background: #d00; height: 2px; left: 0; margin: 0; padding: 0; position: fixed; top: 0; transition: background 0.5s, width 1.5s; width: 25%;\"></div>\\n\\","utility2-comment -->\\n\\","<h1>\\n\\","<!-- utility2-comment\\n\\","    <a\\n\\","        {{#if env.npm_package_homepage}}\\n\\","        href=\"{{env.npm_package_homepage}}\"\\n\\","        {{/if env.npm_package_homepage}}\\n\\","        target=\"_blank\"\\n\\","    >\\n\\","utility2-comment -->\\n\\","        {{env.npm_package_name}} (v{{env.npm_package_version}})\\n\\","<!-- utility2-comment\\n\\","    </a>\\n\\","utility2-comment -->\\n\\","</h1>\\n\\","<h3>{{env.npm_package_description}}</h3>\\n\\","<!-- utility2-comment\\n\\","<h4><a download href=\"assets.app.js\">download standalone app</a></h4>\\n\\","<button class=\"onclick onreset\" id=\"testRunButton1\">run internal test</button><br>\\n\\","<div id=\"testReportDiv1\" style=\"display: none;\"></div>\\n\\","utility2-comment -->\\n\\","\\n\\","\\n\\","\\n\\","<label>stderr and stdout</label>\\n\\","<textarea class=\"resettable\" id=\"outputTextareaStdout1\" readonly></textarea>\\n\\","<!-- utility2-comment\\n\\","{{#if isRollup}}\\n\\","<script src=\"assets.app.js\"></script>\\n\\","{{#unless isRollup}}\\n\\","utility2-comment -->\\n\\","<script src=\"assets.utility2.rollup.js\"></script>\\n\\","<script src=\"jsonp.utility2._stateInit?callback=window.utility2._stateInit\"></script>\\n\\","<script src=\"assets.npmtest_react_lite.rollup.js\"></script>\\n\\","<script src=\"assets.example.js\"></script>\\n\\","<script src=\"assets.test.js\"></script>\\n\\","<!-- utility2-comment\\n\\","{{/if isRollup}}\\n\\","utility2-comment -->\\n\\","<div class=\"utility2FooterDiv\">\\n\\","    [ this app was created with\\n\\","    <a href=\"https://github.com/kaizhu256/node-utility2\" target=\"_blank\">utility2</a>\\n\\","    ]\\n\\","</div>\\n\\","</body>\\n\\","</html>\\n\\","';","        /* jslint-ignore-end */","        if (local.templateRender) {","            local.assetsDict['/'] = local.templateRender(","                local.assetsDict['/assets.index.template.html'],","                {","                    env: local.objectSetDefault(local.env, {","                        npm_package_description: 'the greatest app in the world!',","                        npm_package_name: 'my-app',","                        npm_package_nameAlias: 'my_app',","                        npm_package_version: '0.0.1'","                    })","                }","            );","        } else {","            local.assetsDict['/'] = local.assetsDict['/assets.index.template.html']","                .replace((/\\{\\{env\\.(\\w+?)\\}\\}/g), function (match0, match1) {","                    // jslint-hack","                    String(match0);","                    switch (match1) {","                    case 'npm_package_description':","                        return 'the greatest app in the world!';","                    case 'npm_package_name':","                        return 'my-app';","                    case 'npm_package_nameAlias':","                        return 'my_app';","                    case 'npm_package_version':","                        return '0.0.1';","                    }","                });","        }","        // run the cli","        if (local.global.utility2_rollup || module !== require.main) {","            break;","        }","        local.assetsDict['/assets.example.js'] =","            local.assetsDict['/assets.example.js'] ||","            local.fs.readFileSync(__filename, 'utf8');","        // bug-workaround - long $npm_package_buildCustomOrg","        /* jslint-ignore-begin */","        local.assetsDict['/assets.npmtest_react_lite.rollup.js'] =","            local.assetsDict['/assets.npmtest_react_lite.rollup.js'] ||","            local.fs.readFileSync(","                local.npmtest_react_lite.__dirname + '/lib.npmtest_react_lite.js',","                'utf8'","            ).replace((/^#!/), '//');","        /* jslint-ignore-end */","        local.assetsDict['/favicon.ico'] = local.assetsDict['/favicon.ico'] || '';","        // if $npm_config_timeout_exit exists,","        // then exit this process after $npm_config_timeout_exit ms","        if (Number(process.env.npm_config_timeout_exit)) {","            setTimeout(process.exit, Number(process.env.npm_config_timeout_exit));","        }","        // start server","        if (local.global.utility2_serverHttp1) {","            break;","        }","        process.env.PORT = process.env.PORT || '8081';","        console.error('server starting on port ' + process.env.PORT);","        local.http.createServer(function (request, response) {","            request.urlParsed = local.url.parse(request.url);","            if (local.assetsDict[request.urlParsed.pathname] !== undefined) {","                response.end(local.assetsDict[request.urlParsed.pathname]);","                return;","            }","            response.statusCode = 404;","            response.end();","        }).listen(process.env.PORT);","        break;","    }","}());",""],"l":{"26":2,"28":2,"33":2,"35":2,"37":2,"38":2,"39":2,"44":1,"51":2,"55":2,"59":2,"61":2,"69":1,"70":2,"76":2,"79":2,"82":2,"83":2,"85":1,"89":2,"92":1,"93":1,"94":1,"96":1,"97":1,"100":1,"101":1,"103":1,"106":1,"108":2,"114":1,"116":1,"118":1,"123":1,"124":2,"125":2,"126":3,"127":3,"128":3,"129":3,"130":1,"133":3,"134":3,"139":3,"143":1,"144":3,"145":1,"149":1,"150":1,"158":1,"160":1,"161":1,"162":1,"164":1,"166":1,"258":1,"259":1,"271":1,"274":6,"275":6,"277":1,"279":2,"281":1,"283":2,"288":1,"289":1,"291":1,"296":1,"303":1,"306":1,"307":1,"310":1,"311":1,"313":1,"314":1,"315":1,"316":1,"317":1,"318":1,"319":1,"321":1,"322":1,"324":1}},"/home/travis/build/npmtest/node-npmtest-react-lite/node_modules/react-lite/dist/react-lite.common.js":{"path":"/home/travis/build/npmtest/node-npmtest-react-lite/node_modules/react-lite/dist/react-lite.common.js","s":{"1":28,"2":28,"3":28,"4":28,"5":28,"6":28,"7":28,"8":28,"9":28,"10":28,"11":28,"12":1,"13":0,"14":0,"15":0,"16":0,"17":1,"18":0,"19":0,"20":0,"21":0,"22":0,"23":0,"24":0,"25":0,"26":0,"27":0,"28":0,"29":0,"30":0,"31":1,"32":0,"33":0,"34":0,"35":0,"36":0,"37":0,"38":0,"39":0,"40":0,"41":0,"42":0,"43":0,"44":0,"45":0,"46":1,"47":0,"48":0,"49":0,"50":0,"51":0,"52":1,"53":0,"54":0,"55":0,"56":0,"57":0,"58":0,"59":0,"60":0,"61":0,"62":0,"63":0,"64":0,"65":0,"66":0,"67":0,"68":0,"69":0,"70":1,"71":0,"72":0,"73":1,"74":0,"75":0,"76":1,"77":0,"78":0,"79":0,"80":0,"81":0,"82":0,"83":0,"84":1,"85":0,"86":0,"87":0,"88":0,"89":0,"90":0,"91":0,"92":0,"93":0,"94":0,"95":0,"96":0,"97":0,"98":0,"99":1,"100":0,"101":0,"102":0,"103":0,"104":1,"105":0,"106":0,"107":0,"108":0,"109":0,"110":0,"111":1,"112":0,"113":0,"114":0,"115":0,"116":0,"117":0,"118":0,"119":0,"120":0,"121":0,"122":1,"123":0,"124":0,"125":0,"126":0,"127":0,"128":0,"129":0,"130":0,"131":0,"132":0,"133":0,"134":0,"135":0,"136":0,"137":0,"138":0,"139":0,"140":0,"141":0,"142":0,"143":0,"144":0,"145":0,"146":0,"147":0,"148":0,"149":0,"150":0,"151":0,"152":0,"153":0,"154":0,"155":0,"156":0,"157":0,"158":0,"159":0,"160":0,"161":0,"162":0,"163":0,"164":0,"165":0,"166":0,"167":0,"168":0,"169":0,"170":0,"171":0,"172":0,"173":0,"174":0,"175":0,"176":0,"177":0,"178":0,"179":0,"180":0,"181":0,"182":0,"183":0,"184":0,"185":0,"186":0,"187":1,"188":0,"189":0,"190":0,"191":0,"192":0,"193":0,"194":1,"195":0,"196":0,"197":0,"198":0,"199":0,"200":0,"201":0,"202":0,"203":1,"204":0,"205":0,"206":0,"207":0,"208":0,"209":1,"210":0,"211":0,"212":0,"213":0,"214":0,"215":0,"216":0,"217":0,"218":0,"219":0,"220":1,"221":0,"222":0,"223":0,"224":0,"225":1,"226":0,"227":0,"228":0,"229":0,"230":0,"231":0,"232":0,"233":0,"234":0,"235":0,"236":0,"237":1,"238":0,"239":0,"240":0,"241":0,"242":0,"243":0,"244":0,"245":0,"246":0,"247":0,"248":0,"249":0,"250":0,"251":0,"252":0,"253":0,"254":0,"255":0,"256":0,"257":0,"258":0,"259":0,"260":0,"261":0,"262":0,"263":0,"264":1,"265":0,"266":0,"267":0,"268":0,"269":0,"270":0,"271":0,"272":0,"273":0,"274":0,"275":0,"276":0,"277":0,"278":0,"279":0,"280":0,"281":0,"282":0,"283":0,"284":0,"285":0,"286":0,"287":1,"288":0,"289":0,"290":0,"291":0,"292":0,"293":0,"294":0,"295":0,"296":0,"297":0,"298":0,"299":0,"300":1,"301":0,"302":0,"303":0,"304":0,"305":0,"306":0,"307":0,"308":1,"309":0,"310":0,"311":0,"312":0,"313":0,"314":0,"315":0,"316":0,"317":1,"318":0,"319":0,"320":0,"321":0,"322":0,"323":28,"324":1,"325":0,"326":0,"327":0,"328":0,"329":0,"330":0,"331":0,"332":0,"333":0,"334":0,"335":0,"336":0,"337":0,"338":28,"339":1,"340":0,"341":0,"342":0,"343":0,"344":0,"345":0,"346":0,"347":0,"348":0,"349":1,"350":0,"351":0,"352":1,"353":0,"354":0,"355":0,"356":0,"357":0,"358":0,"359":0,"360":0,"361":0,"362":0,"363":0,"364":1,"365":0,"366":1,"367":0,"368":0,"369":0,"370":0,"371":0,"372":0,"373":0,"374":0,"375":1,"376":0,"377":0,"378":0,"379":0,"380":0,"381":0,"382":1,"383":0,"384":0,"385":0,"386":0,"387":0,"388":0,"389":0,"390":28,"391":0,"392":0,"393":0,"394":0,"395":0,"396":0,"397":0,"398":0,"399":0,"400":1,"401":0,"402":0,"403":0,"404":0,"405":0,"406":0,"407":28,"408":0,"409":0,"410":0,"411":0,"412":0,"413":0,"414":0,"415":0,"416":0,"417":0,"418":0,"419":0,"420":0,"421":0,"422":0,"423":0,"424":0,"425":0,"426":0,"427":0,"428":0,"429":0,"430":0,"431":0,"432":0,"433":0,"434":0,"435":0,"436":0,"437":0,"438":0,"439":0,"440":0,"441":0,"442":0,"443":0,"444":0,"445":0,"446":0,"447":0,"448":0,"449":0,"450":0,"451":0,"452":1,"453":0,"454":0,"455":0,"456":0,"457":0,"458":0,"459":28,"460":28,"461":0,"462":0,"463":0,"464":0,"465":0,"466":0,"467":0,"468":0,"469":0,"470":0,"471":0,"472":0,"473":0,"474":0,"475":0,"476":0,"477":0,"478":0,"479":0,"480":0,"481":0,"482":0,"483":0,"484":0,"485":0,"486":0,"487":0,"488":0,"489":0,"490":0,"491":0,"492":0,"493":0,"494":0,"495":0,"496":0,"497":0,"498":0,"499":0,"500":0,"501":0,"502":0,"503":0,"504":0,"505":0,"506":0,"507":1,"508":0,"509":0,"510":0,"511":0,"512":0,"513":0,"514":0,"515":0,"516":0,"517":0,"518":0,"519":0,"520":0,"521":28,"522":1,"523":0,"524":0,"525":0,"526":0,"527":0,"528":28,"529":0,"530":0,"531":0,"532":1,"533":0,"534":0,"535":0,"536":0,"537":0,"538":0,"539":0,"540":0,"541":0,"542":0,"543":0,"544":0,"545":0,"546":0,"547":0,"548":1,"549":0,"550":0,"551":0,"552":0,"553":0,"554":0,"555":0,"556":0,"557":0,"558":0,"559":0,"560":0,"561":1,"562":0,"563":0,"564":0,"565":0,"566":0,"567":0,"568":0,"569":0,"570":0,"571":0,"572":0,"573":0,"574":0,"575":0,"576":0,"577":0,"578":0,"579":0,"580":0,"581":0,"582":0,"583":1,"584":0,"585":0,"586":0,"587":0,"588":0,"589":0,"590":0,"591":0,"592":0,"593":0,"594":0,"595":1,"596":0,"597":0,"598":0,"599":0,"600":0,"601":0,"602":0,"603":0,"604":0,"605":0,"606":0,"607":0,"608":1,"609":0,"610":0,"611":0,"612":1,"613":0,"614":0,"615":0,"616":1,"617":0,"618":0,"619":0,"620":0,"621":0,"622":0,"623":0,"624":0,"625":0,"626":0,"627":0,"628":0,"629":0,"630":0,"631":0,"632":0,"633":0,"634":1,"635":0,"636":0,"637":0,"638":0,"639":0,"640":0,"641":1,"642":0,"643":0,"644":0,"645":0,"646":0,"647":0,"648":0,"649":0,"650":0,"651":0,"652":0,"653":0,"654":0,"655":0,"656":0,"657":0,"658":0,"659":0,"660":0,"661":0,"662":0,"663":0,"664":0,"665":0,"666":0,"667":0,"668":0,"669":0,"670":0,"671":1,"672":0,"673":0,"674":0,"675":0,"676":0,"677":0,"678":0,"679":0,"680":0,"681":1,"682":0,"683":1,"684":0,"685":0,"686":0,"687":0,"688":0,"689":0,"690":0,"691":0,"692":0,"693":0,"694":0,"695":0,"696":0,"697":0,"698":0,"699":0,"700":0,"701":0,"702":0,"703":1,"704":0,"705":0,"706":0,"707":0,"708":0,"709":0,"710":0,"711":0,"712":0,"713":0,"714":0,"715":1,"716":0,"717":0,"718":1,"719":1,"720":0,"721":1,"722":0,"723":0,"724":0,"725":1,"726":0,"727":1,"728":0,"729":0,"730":0,"731":0,"732":0,"733":0,"734":0,"735":1,"736":0,"737":0,"738":0,"739":0,"740":0,"741":0,"742":0,"743":0,"744":1,"745":0,"746":0,"747":1,"748":0,"749":0,"750":0,"751":0,"752":0,"753":0,"754":0,"755":0,"756":0,"757":0,"758":0,"759":0,"760":1,"761":0,"762":0,"763":0,"764":0,"765":0,"766":0,"767":0,"768":0,"769":0,"770":1,"771":0,"772":0,"773":0,"774":0,"775":0,"776":0,"777":0,"778":0,"779":0,"780":0,"781":1,"782":0,"783":0,"784":0,"785":1,"786":0,"787":0,"788":0,"789":0,"790":0,"791":0,"792":0,"793":0,"794":0,"795":0,"796":1,"797":0,"798":0,"799":0,"800":1,"801":0,"802":0,"803":0,"804":0,"805":0,"806":0,"807":0,"808":0,"809":0,"810":0,"811":0,"812":0,"813":0,"814":0,"815":0,"816":0,"817":0,"818":0,"819":0,"820":0,"821":0,"822":0,"823":0,"824":0,"825":0,"826":0,"827":0,"828":0,"829":0,"830":0,"831":0,"832":0,"833":0,"834":0,"835":0,"836":0,"837":0,"838":0,"839":0,"840":0,"841":0,"842":0,"843":1,"844":0,"845":1,"846":0,"847":0,"848":1,"849":0,"850":0,"851":0,"852":0,"853":0,"854":0,"855":0,"856":0,"857":0,"858":0,"859":1,"860":0,"861":0,"862":0,"863":0,"864":0,"865":0,"866":0,"867":0,"868":0,"869":1,"870":0,"871":0,"872":0,"873":0,"874":0,"875":0,"876":0,"877":0,"878":0,"879":0,"880":0,"881":0,"882":0,"883":0,"884":0,"885":0,"886":0,"887":0,"888":0,"889":0,"890":0,"891":0,"892":0,"893":0,"894":0,"895":0,"896":0,"897":0,"898":0,"899":0,"900":0,"901":0,"902":0,"903":0,"904":0,"905":0,"906":1,"907":0,"908":1,"909":0,"910":0,"911":0,"912":0,"913":0,"914":0,"915":0,"916":0,"917":0,"918":0,"919":1,"920":0,"921":0,"922":0,"923":0,"924":0,"925":0,"926":0,"927":0,"928":0,"929":0,"930":0,"931":0,"932":0,"933":0,"934":1,"935":0,"936":0,"937":0,"938":1,"939":0,"940":0,"941":0,"942":0,"943":0,"944":0,"945":0,"946":0,"947":0,"948":0,"949":0,"950":0,"951":0,"952":1,"953":0,"954":0,"955":0,"956":0,"957":0,"958":0,"959":0,"960":0,"961":0,"962":0,"963":0,"964":0,"965":0,"966":0,"967":0,"968":0,"969":0,"970":0,"971":0,"972":0,"973":0,"974":0,"975":0,"976":0,"977":0,"978":0,"979":0,"980":0,"981":0,"982":0,"983":0,"984":0,"985":1,"986":0,"987":0,"988":0,"989":0,"990":1,"991":0,"992":1,"993":0,"994":0,"995":0,"996":0,"997":0,"998":0,"999":1,"1000":0,"1001":0,"1002":1,"1003":0,"1004":0,"1005":0,"1006":0,"1007":0,"1008":1,"1009":0,"1010":0,"1011":0,"1012":0,"1013":0,"1014":0,"1015":0,"1016":0,"1017":0,"1018":0,"1019":0,"1020":1,"1021":0,"1022":0,"1023":0,"1024":0,"1025":0,"1026":0,"1027":0,"1028":0,"1029":0,"1030":0,"1031":1,"1032":0,"1033":0,"1034":0,"1035":0,"1036":0,"1037":0,"1038":1,"1039":0,"1040":0,"1041":0,"1042":0,"1043":0,"1044":0,"1045":0,"1046":0,"1047":0,"1048":1,"1049":0,"1050":0,"1051":0,"1052":0,"1053":0,"1054":1,"1055":0,"1056":0,"1057":0,"1058":0,"1059":0,"1060":0,"1061":0,"1062":0,"1063":0,"1064":0,"1065":0,"1066":0,"1067":0,"1068":1,"1069":0,"1070":0,"1071":0,"1072":0,"1073":0,"1074":0,"1075":0,"1076":0,"1077":0,"1078":0,"1079":0,"1080":0,"1081":1,"1082":0,"1083":0,"1084":0,"1085":0,"1086":0,"1087":1,"1088":0,"1089":0,"1090":0,"1091":0},"b":{"1":[0,0],"2":[0,0],"3":[0,0],"4":[0,0],"5":[0,0],"6":[0,0],"7":[0,0],"8":[0,0],"9":[0,0],"10":[0,0],"11":[0,0],"12":[0,0],"13":[0,0],"14":[0,0],"15":[0,0],"16":[0,0],"17":[0,0],"18":[0,0],"19":[0,0],"20":[0,0],"21":[0,0],"22":[0,0],"23":[0,0],"24":[0,0],"25":[0,0],"26":[0,0],"27":[0,0],"28":[0,0],"29":[0,0],"30":[0,0],"31":[0,0],"32":[0,0],"33":[0,0],"34":[0,0],"35":[0,0],"36":[0,0],"37":[0,0],"38":[0,0],"39":[0,0],"40":[0,0],"41":[0,0],"42":[0,0],"43":[0,0],"44":[0,0],"45":[0,0],"46":[0,0],"47":[0,0,0],"48":[0,0],"49":[0,0],"50":[0,0],"51":[0,0],"52":[0,0],"53":[0,0],"54":[0,0],"55":[0,0],"56":[0,0],"57":[0,0],"58":[0,0],"59":[0,0],"60":[0,0],"61":[0,0],"62":[0,0],"63":[0,0],"64":[0,0],"65":[0,0],"66":[0,0],"67":[0,0],"68":[0,0],"69":[0,0],"70":[0,0],"71":[0,0],"72":[0,0],"73":[0,0],"74":[0,0],"75":[0,0],"76":[0,0],"77":[0,0],"78":[0,0],"79":[0,0],"80":[0,0],"81":[0,0],"82":[0,0],"83":[0,0],"84":[0,0],"85":[0,0],"86":[0,0],"87":[0,0],"88":[0,0],"89":[0,0],"90":[0,0],"91":[0,0],"92":[0,0],"93":[0,0],"94":[0,0],"95":[0,0],"96":[0,0],"97":[0,0],"98":[0,0],"99":[0,0],"100":[0,0],"101":[0,0],"102":[0,0],"103":[0,0],"104":[0,0],"105":[0,0],"106":[0,0],"107":[0,0],"108":[0,0],"109":[0,0],"110":[0,0],"111":[0,0],"112":[0,0],"113":[0,0],"114":[0,0],"115":[0,0],"116":[0,0],"117":[0,0],"118":[0,0],"119":[0,0],"120":[0,0],"121":[0,0],"122":[0,0],"123":[0,0],"124":[0,0],"125":[0,0],"126":[0,0],"127":[0,0],"128":[0,0],"129":[0,0],"130":[0,0],"131":[0,0],"132":[0,0],"133":[0,0],"134":[0,0],"135":[0,0],"136":[0,0],"137":[0,0],"138":[0,0],"139":[0,0],"140":[0,0],"141":[0,0],"142":[0,0],"143":[0,0],"144":[0,0],"145":[0,0],"146":[0,0],"147":[0,0],"148":[0,0],"149":[0,0],"150":[0,0],"151":[0,0],"152":[0,0],"153":[0,0],"154":[0,0],"155":[0,0],"156":[0,0],"157":[0,0],"158":[0,0],"159":[0,0],"160":[0,0],"161":[0,0],"162":[0,0],"163":[0,0],"164":[0,0],"165":[0,0],"166":[0,0],"167":[0,0],"168":[0,0],"169":[0,0],"170":[0,0],"171":[0,0],"172":[0,0],"173":[0,0],"174":[0,0],"175":[0,0],"176":[0,0],"177":[0,0],"178":[0,0],"179":[0,0],"180":[0,0],"181":[0,0],"182":[0,0],"183":[0,0,0,0,0,0,0,0,0],"184":[0,0],"185":[0,0],"186":[0,0],"187":[0,0],"188":[0,0],"189":[0,0,0],"190":[0,0],"191":[0,0],"192":[0,0],"193":[0,0],"194":[0,0],"195":[0,0],"196":[0,0],"197":[0,0],"198":[0,0],"199":[0,0],"200":[0,0],"201":[0,0],"202":[0,0],"203":[0,0],"204":[0,0],"205":[0,0],"206":[0,0],"207":[0,0],"208":[0,0],"209":[0,0],"210":[0,0],"211":[0,0],"212":[0,0],"213":[0,0],"214":[0,0],"215":[0,0],"216":[0,0],"217":[0,0],"218":[0,0],"219":[0,0],"220":[0,0],"221":[0,0],"222":[0,0],"223":[0,0],"224":[0,0,0,0],"225":[0,0],"226":[0,0],"227":[0,0],"228":[0,0],"229":[0,0],"230":[0,0],"231":[0,0],"232":[0,0],"233":[0,0],"234":[0,0],"235":[0,0],"236":[0,0],"237":[0,0],"238":[0,0],"239":[0,0],"240":[0,0],"241":[0,0],"242":[0,0],"243":[0,0],"244":[0,0],"245":[0,0],"246":[0,0],"247":[0,0],"248":[0,0],"249":[0,0],"250":[0,0],"251":[0,0],"252":[0,0],"253":[0,0],"254":[0,0],"255":[0,0],"256":[0,0],"257":[0,0],"258":[0,0],"259":[0,0],"260":[0,0],"261":[0,0],"262":[0,0],"263":[0,0],"264":[0,0],"265":[0,0],"266":[0,0],"267":[0,0],"268":[0,0],"269":[0,0],"270":[0,0],"271":[0,0],"272":[0,0],"273":[0,0],"274":[0,0],"275":[0,0],"276":[0,0],"277":[0,0],"278":[0,0],"279":[0,0],"280":[0,0],"281":[0,0],"282":[0,0],"283":[0,0],"284":[0,0],"285":[0,0],"286":[0,0],"287":[0,0],"288":[0,0],"289":[0,0],"290":[0,0],"291":[0,0],"292":[0,0],"293":[0,0],"294":[0,0],"295":[0,0],"296":[0,0],"297":[0,0],"298":[0,0],"299":[0,0],"300":[0,0,0,0],"301":[0,0],"302":[0,0],"303":[0,0],"304":[0,0]},"f":{"1":0,"2":0,"3":0,"4":0,"5":0,"6":0,"7":0,"8":0,"9":0,"10":0,"11":0,"12":0,"13":0,"14":0,"15":0,"16":0,"17":0,"18":0,"19":0,"20":0,"21":0,"22":0,"23":0,"24":0,"25":0,"26":0,"27":0,"28":0,"29":0,"30":0,"31":0,"32":0,"33":0,"34":0,"35":0,"36":0,"37":0,"38":0,"39":0,"40":0,"41":0,"42":0,"43":0,"44":0,"45":0,"46":0,"47":0,"48":0,"49":0,"50":0,"51":0,"52":0,"53":0,"54":0,"55":0,"56":0,"57":0,"58":0,"59":0,"60":0,"61":0,"62":0,"63":0,"64":0,"65":0,"66":0,"67":0,"68":0,"69":0,"70":0,"71":0,"72":0,"73":0,"74":0,"75":0,"76":0,"77":0,"78":0,"79":0,"80":0,"81":0,"82":0,"83":0,"84":0,"85":0,"86":0,"87":0,"88":0,"89":0,"90":0,"91":0,"92":0,"93":0,"94":0,"95":0,"96":0,"97":0,"98":0,"99":0,"100":0,"101":0,"102":0,"103":0,"104":0,"105":0,"106":0,"107":0,"108":0,"109":0,"110":0,"111":0,"112":0,"113":0,"114":0,"115":0,"116":0,"117":0,"118":0,"119":0,"120":0,"121":0,"122":0,"123":0,"124":0},"fnMap":{"1":{"name":"createVnode","line":25,"loc":{"start":{"line":25,"column":0},"end":{"line":25,"column":51}}},"2":{"name":"initVnode","line":40,"loc":{"start":{"line":40,"column":0},"end":{"line":40,"column":55}}},"3":{"name":"updateVnode","line":63,"loc":{"start":{"line":63,"column":0},"end":{"line":63,"column":59}}},"4":{"name":"updateVChildren","line":90,"loc":{"start":{"line":90,"column":0},"end":{"line":90,"column":63}}},"5":{"name":"applyUpdate","line":102,"loc":{"start":{"line":102,"column":0},"end":{"line":102,"column":27}}},"6":{"name":"applyDestroy","line":130,"loc":{"start":{"line":130,"column":0},"end":{"line":130,"column":28}}},"7":{"name":"applyCreate","line":135,"loc":{"start":{"line":135,"column":0},"end":{"line":135,"column":27}}},"8":{"name":"destroyVnode","line":145,"loc":{"start":{"line":145,"column":0},"end":{"line":145,"column":35}}},"9":{"name":"initVelem","line":160,"loc":{"start":{"line":160,"column":0},"end":{"line":160,"column":55}}},"10":{"name":"initVchildren","line":186,"loc":{"start":{"line":186,"column":0},"end":{"line":186,"column":51}}},"11":{"name":"getFlattenChildren","line":194,"loc":{"start":{"line":194,"column":0},"end":{"line":194,"column":35}}},"12":{"name":"collectChild","line":206,"loc":{"start":{"line":206,"column":0},"end":{"line":206,"column":39}}},"13":{"name":"diffVchildren","line":225,"loc":{"start":{"line":225,"column":0},"end":{"line":225,"column":70}}},"14":{"name":"updateVelem","line":353,"loc":{"start":{"line":353,"column":0},"end":{"line":353,"column":44}}},"15":{"name":"destroyVelem","line":363,"loc":{"start":{"line":363,"column":0},"end":{"line":363,"column":35}}},"16":{"name":"initVstateless","line":377,"loc":{"start":{"line":377,"column":0},"end":{"line":377,"column":65}}},"17":{"name":"updateVstateless","line":385,"loc":{"start":{"line":385,"column":0},"end":{"line":385,"column":74}}},"18":{"name":"destroyVstateless","line":399,"loc":{"start":{"line":399,"column":0},"end":{"line":399,"column":45}}},"19":{"name":"renderVstateless","line":406,"loc":{"start":{"line":406,"column":0},"end":{"line":406,"column":53}}},"20":{"name":"initVcomponent","line":423,"loc":{"start":{"line":423,"column":0},"end":{"line":423,"column":65}}},"21":{"name":"updateVcomponent","line":458,"loc":{"start":{"line":458,"column":0},"end":{"line":458,"column":74}}},"22":{"name":"destroyVcomponent","line":487,"loc":{"start":{"line":487,"column":0},"end":{"line":487,"column":45}}},"23":{"name":"getContextByTypes","line":503,"loc":{"start":{"line":503,"column":0},"end":{"line":503,"column":53}}},"24":{"name":"renderComponent","line":516,"loc":{"start":{"line":516,"column":0},"end":{"line":516,"column":51}}},"25":{"name":"getChildContext","line":528,"loc":{"start":{"line":528,"column":0},"end":{"line":528,"column":51}}},"26":{"name":"clearPendingComponents","line":539,"loc":{"start":{"line":539,"column":0},"end":{"line":539,"column":34}}},"27":{"name":"clearPendingRefs","line":559,"loc":{"start":{"line":559,"column":0},"end":{"line":559,"column":28}}},"28":{"name":"clearPending","line":573,"loc":{"start":{"line":573,"column":0},"end":{"line":573,"column":24}}},"29":{"name":"compareTwoVnodes","line":578,"loc":{"start":{"line":578,"column":0},"end":{"line":578,"column":64}}},"30":{"name":"getDOMNode","line":596,"loc":{"start":{"line":596,"column":0},"end":{"line":596,"column":22}}},"31":{"name":"attachRef","line":600,"loc":{"start":{"line":600,"column":0},"end":{"line":600,"column":43}}},"32":{"name":"detachRef","line":615,"loc":{"start":{"line":615,"column":0},"end":{"line":615,"column":43}}},"33":{"name":"syncCache","line":626,"loc":{"start":{"line":626,"column":0},"end":{"line":626,"column":42}}},"34":{"name":"add","line":644,"loc":{"start":{"line":644,"column":6},"end":{"line":644,"column":28}}},"35":{"name":"batchUpdate","line":647,"loc":{"start":{"line":647,"column":14},"end":{"line":647,"column":37}}},"36":{"name":"Updater","line":669,"loc":{"start":{"line":669,"column":0},"end":{"line":669,"column":27}}},"37":{"name":"emitUpdate","line":679,"loc":{"start":{"line":679,"column":13},"end":{"line":679,"column":57}}},"38":{"name":"updateComponent","line":685,"loc":{"start":{"line":685,"column":18},"end":{"line":685,"column":45}}},"39":{"name":"addState","line":699,"loc":{"start":{"line":699,"column":11},"end":{"line":699,"column":40}}},"40":{"name":"replaceState","line":707,"loc":{"start":{"line":707,"column":15},"end":{"line":707,"column":48}}},"41":{"name":"getState","line":714,"loc":{"start":{"line":714,"column":11},"end":{"line":714,"column":31}}},"42":{"name":"(anonymous_42)","line":722,"loc":{"start":{"line":722,"column":25},"end":{"line":722,"column":46}}},"43":{"name":"clearCallbacks","line":741,"loc":{"start":{"line":741,"column":17},"end":{"line":741,"column":43}}},"44":{"name":"(anonymous_44)","line":747,"loc":{"start":{"line":747,"column":28},"end":{"line":747,"column":48}}},"45":{"name":"addCallback","line":752,"loc":{"start":{"line":752,"column":14},"end":{"line":752,"column":45}}},"46":{"name":"Component","line":758,"loc":{"start":{"line":758,"column":0},"end":{"line":758,"column":35}}},"47":{"name":"forceUpdate","line":782,"loc":{"start":{"line":782,"column":14},"end":{"line":782,"column":45}}},"48":{"name":"setState","line":829,"loc":{"start":{"line":829,"column":11},"end":{"line":829,"column":50}}},"49":{"name":"replaceState","line":835,"loc":{"start":{"line":835,"column":15},"end":{"line":835,"column":58}}},"50":{"name":"getDOMNode","line":841,"loc":{"start":{"line":841,"column":13},"end":{"line":841,"column":35}}},"51":{"name":"isMounted","line":845,"loc":{"start":{"line":845,"column":12},"end":{"line":845,"column":33}}},"52":{"name":"shouldUpdate","line":850,"loc":{"start":{"line":850,"column":0},"end":{"line":850,"column":78}}},"53":{"name":"getEventName","line":895,"loc":{"start":{"line":895,"column":0},"end":{"line":895,"column":27}}},"54":{"name":"emptyFunction","line":910,"loc":{"start":{"line":910,"column":20},"end":{"line":910,"column":45}}},"55":{"name":"addEvent","line":915,"loc":{"start":{"line":915,"column":0},"end":{"line":915,"column":45}}},"56":{"name":"removeEvent","line":942,"loc":{"start":{"line":942,"column":0},"end":{"line":942,"column":38}}},"57":{"name":"dispatchEvent","line":963,"loc":{"start":{"line":963,"column":0},"end":{"line":963,"column":30}}},"58":{"name":"dispatchUnbubbleEvent","line":994,"loc":{"start":{"line":994,"column":0},"end":{"line":994,"column":38}}},"59":{"name":"createSyntheticEvent","line":1013,"loc":{"start":{"line":1013,"column":0},"end":{"line":1013,"column":43}}},"60":{"name":"cancelBubble","line":1015,"loc":{"start":{"line":1015,"column":23},"end":{"line":1015,"column":47}}},"61":{"name":"setStyle","line":1032,"loc":{"start":{"line":1032,"column":0},"end":{"line":1032,"column":37}}},"62":{"name":"removeStyle","line":1040,"loc":{"start":{"line":1040,"column":0},"end":{"line":1040,"column":40}}},"63":{"name":"patchStyle","line":1048,"loc":{"start":{"line":1048,"column":0},"end":{"line":1048,"column":48}}},"64":{"name":"prefixKey","line":1118,"loc":{"start":{"line":1118,"column":0},"end":{"line":1118,"column":32}}},"65":{"name":"(anonymous_65)","line":1124,"loc":{"start":{"line":1124,"column":38},"end":{"line":1124,"column":54}}},"66":{"name":"(anonymous_66)","line":1125,"loc":{"start":{"line":1125,"column":21},"end":{"line":1125,"column":39}}},"67":{"name":"setStyleValue","line":1131,"loc":{"start":{"line":1131,"column":0},"end":{"line":1131,"column":57}}},"68":{"name":"(anonymous_68)","line":1640,"loc":{"start":{"line":1640,"column":23},"end":{"line":1640,"column":38}}},"69":{"name":"mergeConfigToProperties","line":1651,"loc":{"start":{"line":1651,"column":0},"end":{"line":1651,"column":41}}},"70":{"name":"checkMask","line":1683,"loc":{"start":{"line":1683,"column":0},"end":{"line":1683,"column":35}}},"71":{"name":"setPropValue","line":1695,"loc":{"start":{"line":1695,"column":0},"end":{"line":1695,"column":41}}},"72":{"name":"removePropValue","line":1737,"loc":{"start":{"line":1737,"column":0},"end":{"line":1737,"column":37}}},"73":{"name":"isFn","line":1758,"loc":{"start":{"line":1758,"column":0},"end":{"line":1758,"column":19}}},"74":{"name":"noop","line":1764,"loc":{"start":{"line":1764,"column":0},"end":{"line":1764,"column":16}}},"75":{"name":"identity","line":1766,"loc":{"start":{"line":1766,"column":0},"end":{"line":1766,"column":23}}},"76":{"name":"pipe","line":1770,"loc":{"start":{"line":1770,"column":0},"end":{"line":1770,"column":24}}},"77":{"name":"(anonymous_77)","line":1771,"loc":{"start":{"line":1771,"column":11},"end":{"line":1771,"column":23}}},"78":{"name":"addItem","line":1777,"loc":{"start":{"line":1777,"column":0},"end":{"line":1777,"column":29}}},"79":{"name":"flatEach","line":1781,"loc":{"start":{"line":1781,"column":0},"end":{"line":1781,"column":37}}},"80":{"name":"extend","line":1795,"loc":{"start":{"line":1795,"column":0},"end":{"line":1795,"column":26}}},"81":{"name":"getUid","line":1809,"loc":{"start":{"line":1809,"column":0},"end":{"line":1809,"column":18}}},"82":{"name":"setProp","line":1815,"loc":{"start":{"line":1815,"column":0},"end":{"line":1815,"column":54}}},"83":{"name":"removeProp","line":1835,"loc":{"start":{"line":1835,"column":0},"end":{"line":1835,"column":60}}},"84":{"name":"patchProp","line":1849,"loc":{"start":{"line":1849,"column":0},"end":{"line":1849,"column":66}}},"85":{"name":"setProps","line":1867,"loc":{"start":{"line":1867,"column":0},"end":{"line":1867,"column":50}}},"86":{"name":"patchProps","line":1875,"loc":{"start":{"line":1875,"column":0},"end":{"line":1875,"column":62}}},"87":{"name":"isValidContainer","line":1896,"loc":{"start":{"line":1896,"column":0},"end":{"line":1896,"column":32}}},"88":{"name":"renderTreeIntoContainer","line":1902,"loc":{"start":{"line":1902,"column":0},"end":{"line":1902,"column":76}}},"89":{"name":"render","line":1966,"loc":{"start":{"line":1966,"column":0},"end":{"line":1966,"column":44}}},"90":{"name":"unstable_renderSubtreeIntoContainer","line":1970,"loc":{"start":{"line":1970,"column":0},"end":{"line":1970,"column":93}}},"91":{"name":"unmountComponentAtNode","line":1975,"loc":{"start":{"line":1975,"column":0},"end":{"line":1975,"column":43}}},"92":{"name":"findDOMNode","line":1990,"loc":{"start":{"line":1990,"column":0},"end":{"line":1990,"column":27}}},"93":{"name":"createElement","line":2012,"loc":{"start":{"line":2012,"column":0},"end":{"line":2012,"column":46}}},"94":{"name":"isValidElement","line":2075,"loc":{"start":{"line":2075,"column":0},"end":{"line":2075,"column":29}}},"95":{"name":"cloneElement","line":2079,"loc":{"start":{"line":2079,"column":0},"end":{"line":2079,"column":41}}},"96":{"name":"createFactory","line":2097,"loc":{"start":{"line":2097,"column":0},"end":{"line":2097,"column":29}}},"97":{"name":"factory","line":2098,"loc":{"start":{"line":2098,"column":15},"end":{"line":2098,"column":34}}},"98":{"name":"(anonymous_98)","line":2111,"loc":{"start":{"line":2111,"column":28},"end":{"line":2111,"column":47}}},"99":{"name":"check","line":2115,"loc":{"start":{"line":2115,"column":12},"end":{"line":2115,"column":29}}},"100":{"name":"only","line":2137,"loc":{"start":{"line":2137,"column":0},"end":{"line":2137,"column":24}}},"101":{"name":"forEach","line":2144,"loc":{"start":{"line":2144,"column":0},"end":{"line":2144,"column":46}}},"102":{"name":"(anonymous_102)","line":2150,"loc":{"start":{"line":2150,"column":21},"end":{"line":2150,"column":38}}},"103":{"name":"map","line":2171,"loc":{"start":{"line":2171,"column":0},"end":{"line":2171,"column":42}}},"104":{"name":"(anonymous_104)","line":2177,"loc":{"start":{"line":2177,"column":19},"end":{"line":2177,"column":43}}},"105":{"name":"(anonymous_105)","line":2191,"loc":{"start":{"line":2191,"column":15},"end":{"line":2191,"column":31}}},"106":{"name":"count","line":2216,"loc":{"start":{"line":2216,"column":0},"end":{"line":2216,"column":25}}},"107":{"name":"(anonymous_107)","line":2218,"loc":{"start":{"line":2218,"column":19},"end":{"line":2218,"column":31}}},"108":{"name":"toArray","line":2224,"loc":{"start":{"line":2224,"column":0},"end":{"line":2224,"column":27}}},"109":{"name":"getKey","line":2228,"loc":{"start":{"line":2228,"column":0},"end":{"line":2228,"column":30}}},"110":{"name":"escapeUserProvidedKey","line":2239,"loc":{"start":{"line":2239,"column":0},"end":{"line":2239,"column":37}}},"111":{"name":"eachMixin","line":2251,"loc":{"start":{"line":2251,"column":0},"end":{"line":2251,"column":37}}},"112":{"name":"(anonymous_112)","line":2252,"loc":{"start":{"line":2252,"column":16},"end":{"line":2252,"column":33}}},"113":{"name":"combineMixinToProto","line":2262,"loc":{"start":{"line":2262,"column":0},"end":{"line":2262,"column":43}}},"114":{"name":"combineMixinToClass","line":2281,"loc":{"start":{"line":2281,"column":0},"end":{"line":2281,"column":47}}},"115":{"name":"bindContext","line":2297,"loc":{"start":{"line":2297,"column":0},"end":{"line":2297,"column":34}}},"116":{"name":"Facade","line":2307,"loc":{"start":{"line":2307,"column":13},"end":{"line":2307,"column":31}}},"117":{"name":"getInitialState","line":2310,"loc":{"start":{"line":2310,"column":0},"end":{"line":2310,"column":27}}},"118":{"name":"(anonymous_118)","line":2316,"loc":{"start":{"line":2316,"column":32},"end":{"line":2316,"column":59}}},"119":{"name":"createClass","line":2324,"loc":{"start":{"line":2324,"column":0},"end":{"line":2324,"column":27}}},"120":{"name":"Klass","line":2331,"loc":{"start":{"line":2331,"column":1},"end":{"line":2331,"column":32}}},"121":{"name":"(anonymous_121)","line":2340,"loc":{"start":{"line":2340,"column":19},"end":{"line":2340,"column":36}}},"122":{"name":"shallowEqual","line":2349,"loc":{"start":{"line":2349,"column":0},"end":{"line":2349,"column":34}}},"123":{"name":"PureComponent","line":2375,"loc":{"start":{"line":2375,"column":0},"end":{"line":2375,"column":39}}},"124":{"name":"shallowCompare","line":2384,"loc":{"start":{"line":2384,"column":0},"end":{"line":2384,"column":46}}}},"statementMap":{"1":{"start":{"line":8,"column":0},"end":{"line":8,"column":41}},"2":{"start":{"line":9,"column":0},"end":{"line":9,"column":51}},"3":{"start":{"line":10,"column":0},"end":{"line":10,"column":28}},"4":{"start":{"line":11,"column":0},"end":{"line":11,"column":17}},"5":{"start":{"line":12,"column":0},"end":{"line":12,"column":19}},"6":{"start":{"line":13,"column":0},"end":{"line":13,"column":19}},"7":{"start":{"line":14,"column":0},"end":{"line":14,"column":17}},"8":{"start":{"line":15,"column":0},"end":{"line":15,"column":26}},"9":{"start":{"line":16,"column":0},"end":{"line":16,"column":22}},"10":{"start":{"line":17,"column":0},"end":{"line":17,"column":37}},"11":{"start":{"line":23,"column":0},"end":{"line":23,"column":16}},"12":{"start":{"line":25,"column":0},"end":{"line":38,"column":1}},"13":{"start":{"line":26,"column":4},"end":{"line":33,"column":6}},"14":{"start":{"line":34,"column":4},"end":{"line":36,"column":5}},"15":{"start":{"line":35,"column":8},"end":{"line":35,"column":29}},"16":{"start":{"line":37,"column":4},"end":{"line":37,"column":17}},"17":{"start":{"line":40,"column":0},"end":{"line":61,"column":1}},"18":{"start":{"line":41,"column":4},"end":{"line":41,"column":28}},"19":{"start":{"line":43,"column":4},"end":{"line":43,"column":20}},"20":{"start":{"line":44,"column":4},"end":{"line":59,"column":5}},"21":{"start":{"line":46,"column":8},"end":{"line":46,"column":46}},"22":{"start":{"line":47,"column":11},"end":{"line":59,"column":5}},"23":{"start":{"line":49,"column":8},"end":{"line":49,"column":61}},"24":{"start":{"line":50,"column":11},"end":{"line":59,"column":5}},"25":{"start":{"line":52,"column":8},"end":{"line":52,"column":66}},"26":{"start":{"line":53,"column":11},"end":{"line":59,"column":5}},"27":{"start":{"line":55,"column":8},"end":{"line":55,"column":66}},"28":{"start":{"line":56,"column":11},"end":{"line":59,"column":5}},"29":{"start":{"line":58,"column":8},"end":{"line":58,"column":80}},"30":{"start":{"line":60,"column":4},"end":{"line":60,"column":16}},"31":{"start":{"line":63,"column":0},"end":{"line":88,"column":1}},"32":{"start":{"line":64,"column":4},"end":{"line":64,"column":28}},"33":{"start":{"line":66,"column":4},"end":{"line":68,"column":5}},"34":{"start":{"line":67,"column":8},"end":{"line":67,"column":70}},"35":{"start":{"line":70,"column":4},"end":{"line":72,"column":5}},"36":{"start":{"line":71,"column":8},"end":{"line":71,"column":70}},"37":{"start":{"line":75,"column":4},"end":{"line":77,"column":5}},
[...]
atReturnsArgument = function (arg) {","  return arg;","};","","module.exports = emptyFunction;"],"l":{"14":1,"15":3,"16":0,"25":1,"27":1,"28":1,"29":1,"30":1,"31":1,"32":0,"34":1,"35":0,"38":1}},"/home/travis/build/npmtest/node-npmtest-react-lite/node_modules/react-lite/lib/utils/escapeTextContentForBrowser.js":{"path":"/home/travis/build/npmtest/node-npmtest-react-lite/node_modules/react-lite/lib/utils/escapeTextContentForBrowser.js","s":{"1":1,"2":1,"3":1,"4":0,"5":1,"6":0,"7":1},"b":{},"f":{"1":0,"2":0},"fnMap":{"1":{"name":"escaper","line":24,"loc":{"start":{"line":24,"column":0},"end":{"line":24,"column":24}}},"2":{"name":"escapeTextContentForBrowser","line":34,"loc":{"start":{"line":34,"column":0},"end":{"line":34,"column":43}}}},"statementMap":{"1":{"start":{"line":14,"column":0},"end":{"line":20,"column":2}},"2":{"start":{"line":22,"column":0},"end":{"line":22,"column":30}},"3":{"start":{"line":24,"column":0},"end":{"line":26,"column":1}},"4":{"start":{"line":25,"column":2},"end":{"line":25,"column":30}},"5":{"start":{"line":34,"column":0},"end":{"line":36,"column":1}},"6":{"start":{"line":35,"column":2},"end":{"line":35,"column":52}},"7":{"start":{"line":38,"column":0},"end":{"line":38,"column":45}}},"branchMap":{},"code":["/**"," * Copyright 2013-2015, Facebook, Inc."," * All rights reserved."," *"," * This source code is licensed under the BSD-style license found in the"," * LICENSE file in the root directory of this source tree. An additional grant"," * of patent rights can be found in the PATENTS file in the same directory."," *"," * @providesModule escapeTextContentForBrowser"," */","","'use strict';","","var ESCAPE_LOOKUP = {","  '&': '&amp;',","  '>': '&gt;',","  '<': '&lt;',","  '\"': '&quot;',","  '\\'': '&#x27;'","};","","var ESCAPE_REGEX = /[&><\"']/g;","","function escaper(match) {","  return ESCAPE_LOOKUP[match];","}","","/**"," * Escapes text to prevent scripting attacks."," *"," * @param {*} text Text value to escape."," * @return {string} An escaped string."," */","function escapeTextContentForBrowser(text) {","  return ('' + text).replace(ESCAPE_REGEX, escaper);","}","","module.exports = escapeTextContentForBrowser;"],"l":{"14":1,"22":1,"24":1,"25":0,"34":1,"35":0,"38":1}},"/home/travis/build/npmtest/node-npmtest-react-lite/node_modules/react-lite/lib/utils/getIteratorFn.js":{"path":"/home/travis/build/npmtest/node-npmtest-react-lite/node_modules/react-lite/lib/utils/getIteratorFn.js","s":{"1":1,"2":1,"3":1,"4":0,"5":0,"6":0,"7":1},"b":{"1":[1,1],"2":[0,0,0,0],"3":[0,0]},"f":{"1":0},"fnMap":{"1":{"name":"getIteratorFn","line":33,"loc":{"start":{"line":33,"column":0},"end":{"line":33,"column":38}}}},"statementMap":{"1":{"start":{"line":16,"column":0},"end":{"line":16,"column":70}},"2":{"start":{"line":17,"column":0},"end":{"line":17,"column":40}},"3":{"start":{"line":33,"column":0},"end":{"line":38,"column":1}},"4":{"start":{"line":34,"column":2},"end":{"line":34,"column":127}},"5":{"start":{"line":35,"column":2},"end":{"line":37,"column":3}},"6":{"start":{"line":36,"column":4},"end":{"line":36,"column":22}},"7":{"start":{"line":40,"column":0},"end":{"line":40,"column":31}}},"branchMap":{"1":{"line":16,"type":"binary-expr","locations":[{"start":{"line":16,"column":22},"end":{"line":16,"column":50}},{"start":{"line":16,"column":54},"end":{"line":16,"column":69}}]},"2":{"line":34,"type":"binary-expr","locations":[{"start":{"line":34,"column":19},"end":{"line":34,"column":32}},{"start":{"line":34,"column":37},"end":{"line":34,"column":52}},{"start":{"line":34,"column":56},"end":{"line":34,"column":86}},{"start":{"line":34,"column":90},"end":{"line":34,"column":125}}]},"3":{"line":35,"type":"if","locations":[{"start":{"line":35,"column":2},"end":{"line":35,"column":2}},{"start":{"line":35,"column":2},"end":{"line":35,"column":2}}]}},"code":["/**"," * Copyright 2013-2015, Facebook, Inc."," * All rights reserved."," *"," * This source code is licensed under the BSD-style license found in the"," * LICENSE file in the root directory of this source tree. An additional grant"," * of patent rights can be found in the PATENTS file in the same directory."," *"," * @providesModule getIteratorFn"," * @typechecks static-only"," */","","'use strict';","","/* global Symbol */","var ITERATOR_SYMBOL = typeof Symbol === 'function' && Symbol.iterator;","var FAUX_ITERATOR_SYMBOL = '@@iterator'; // Before Symbol spec.","","/**"," * Returns the iterator method function contained on the iterable object."," *"," * Be sure to invoke the function with the iterable as context:"," *"," *     var iteratorFn = getIteratorFn(myIterable);"," *     if (iteratorFn) {"," *       var iterator = iteratorFn.call(myIterable);"," *       ..."," *     }"," *"," * @param {?object} maybeIterable"," * @return {?function}"," */","function getIteratorFn(maybeIterable) {","  var iteratorFn = maybeIterable && (ITERATOR_SYMBOL && maybeIterable[ITERATOR_SYMBOL] || maybeIterable[FAUX_ITERATOR_SYMBOL]);","  if (typeof iteratorFn === 'function') {","    return iteratorFn;","  }","}","","module.exports = getIteratorFn;"],"l":{"16":1,"17":1,"33":1,"34":0,"35":0,"36":0,"40":1}},"/home/travis/build/npmtest/node-npmtest-react-lite/node_modules/react-lite/lib/utils/keyOf.js":{"path":"/home/travis/build/npmtest/node-npmtest-react-lite/node_modules/react-lite/lib/utils/keyOf.js","s":{"1":1,"2":0,"3":0,"4":0,"5":0,"6":0,"7":0,"8":1},"b":{"1":[0,0]},"f":{"1":0},"fnMap":{"1":{"name":"keyOf","line":24,"loc":{"start":{"line":24,"column":12},"end":{"line":24,"column":38}}}},"statementMap":{"1":{"start":{"line":24,"column":0},"end":{"line":33,"column":2}},"2":{"start":{"line":25,"column":2},"end":{"line":25,"column":10}},"3":{"start":{"line":26,"column":2},"end":{"line":31,"column":3}},"4":{"start":{"line":27,"column":4},"end":{"line":29,"column":5}},"5":{"start":{"line":28,"column":6},"end":{"line":28,"column":15}},"6":{"start":{"line":30,"column":4},"end":{"line":30,"column":15}},"7":{"start":{"line":32,"column":2},"end":{"line":32,"column":14}},"8":{"start":{"line":35,"column":0},"end":{"line":35,"column":23}}},"branchMap":{"1":{"line":27,"type":"if","locations":[{"start":{"line":27,"column":4},"end":{"line":27,"column":4}},{"start":{"line":27,"column":4},"end":{"line":27,"column":4}}]}},"code":["/**"," * Copyright 2013-2015, Facebook, Inc."," * All rights reserved."," *"," * This source code is licensed under the BSD-style license found in the"," * LICENSE file in the root directory of this source tree. An additional grant"," * of patent rights can be found in the PATENTS file in the same directory."," *"," * @providesModule keyOf"," */","","/**"," * Allows extraction of a minified key. Let's the build system minify keys"," * without losing the ability to dynamically use key strings as values"," * themselves. Pass in an object with a single key/val pair and it will return"," * you the string key of that single record. Suppose you want to grab the"," * value for a key 'className' inside of an object. Key/val minification may"," * have aliased that key to be 'xa12'. keyOf({className: null}) will return"," * 'xa12' in that case. Resolve keys you want to use once at startup time, then"," * reuse those resolutions."," */","\"use strict\";","","var keyOf = function keyOf(oneKeyObj) {","  var key;","  for (key in oneKeyObj) {","    if (!oneKeyObj.hasOwnProperty(key)) {","      continue;","    }","    return key;","  }","  return null;","};","","module.exports = keyOf;"],"l":{"24":1,"25":0,"26":0,"27":0,"28":0,"30":0,"32":0,"35":1}},"/home/travis/build/npmtest/node-npmtest-react-lite/node_modules/react-lite/lib/utils/PooledClass.js":{"path":"/home/travis/build/npmtest/node-npmtest-react-lite/node_modules/react-lite/lib/utils/PooledClass.js","s":{"1":1,"2":1,"3":0,"4":0,"5":0,"6":0,"7":0,"8":0,"9":1,"10":0,"11":0,"12":0,"13":0,"14":0,"15":0,"16":1,"17":0,"18":0,"19":0,"20":0,"21":0,"22":0,"23":1,"24":0,"25":0,"26":0,"27":0,"28":0,"29":0,"30":1,"31":0,"32":0,"33":0,"34":0,"35":0,"36":0,"37":1,"38":0,"39":0,"40":0,"41":0,"42":0,"43":1,"44":1,"45":1,"46":0,"47":0,"48":0,"49":0,"50":0,"51":0,"52":0,"53":1,"54":1},"b":{"1":[0,0],"2":[0,0],"3":[0,0],"4":[0,0],"5":[0,0],"6":[0,0],"7":[0,0],"8":[0,0]},"f":{"1":0,"2":0,"3":0,"4":0,"5":0,"6":0,"7":0,"8":0},"fnMap":{"1":{"name":"invariant","line":14,"loc":{"start":{"line":14,"column":16},"end":{"line":14,"column":37}}},"2":{"name":"oneArgumentPooler","line":23,"loc":{"start":{"line":23,"column":24},"end":{"line":23,"column":67}}},"3":{"name":"twoArgumentPooler","line":34,"loc":{"start":{"line":34,"column":24},"end":{"line":34,"column":59}}},"4":{"name":"threeArgumentPooler","line":45,"loc":{"start":{"line":45,"column":26},"end":{"line":45,"column":67}}},"5":{"name":"fourArgumentPooler","line":56,"loc":{"start":{"line":56,"column":25},"end":{"line":56,"column":69}}},"6":{"name":"fiveArgumentPooler","line":67,"loc":{"start":{"line":67,"column":25},"end":{"line":67,"column":73}}},"7":{"name":"standardReleaser","line":78,"loc":{"start":{"line":78,"column":23},"end":{"line":78,"column":59}}},"8":{"name":"addPoolingTo","line":99,"loc":{"start":{"line":99,"column":19},"end":{"line":99,"column":66}}}},"statementMap":{"1":{"start":{"line":14,"column":0},"end":{"line":14,"column":40}},"2":{"start":{"line":23,"column":0},"end":{"line":32,"column":2}},"3":{"start":{"line":24,"column":2},"end":{"line":24,"column":19}},"4":{"start":{"line":25,"column":2},"end":{"line":31,"column":3}},"5":{"start":{"line":26,"column":4},"end":{"line":26,"column":44}},"6":{"start":{"line":27,"column":4},"end":{"line":27,"column":41}},"7":{"start":{"line":28,"column":4},"end":{"line":28,"column":20}},"8":{"start":{"line":30,"column":4},"end":{"line":30,"column":37}},"9":{"start":{"line":34,"column":0},"end":{"line":43,"column":2}},"10":{"start":{"line":35,"column":2},"end":{"line":35,"column":19}},"11":{"start":{"line":36,"column":2},"end":{"line":42,"column":3}},"12":{"start":{"line":37,"column":4},"end":{"line":37,"column":44}},"13":{"start":{"line":38,"column":4},"end":{"line":38,"column":33}},"14":{"start":{"line":39,"column":4},"end":{"line":39,"column":20}},"15":{"start":{"line":41,"column":4},"end":{"line":41,"column":29}},"16":{"start":{"line":45,"column":0},"end":{"line":54,"column":2}},"17":{"start":{"line":46,"column":2},"end":{"line":46,"column":19}},"18":{"start":{"line":47,"column":2},"end":{"line":53,"column":3}},"19":{"start":{"line":48,"column":4},"end":{"line":48,"column":44}},"20":{"start":{"line":49,"column":4},"end":{"line":49,"column":37}},"21":{"start":{"line":50,"column":4},"end":{"line":50,"column":20}},"22":{"start":{"line":52,"column":4},"end":{"line":52,"column":33}},"23":{"start":{"line":56,"column":0},"end":{"line":65,"column":2}},"24":{"start":{"line":57,"column":2},"end":{"line":57,"column":19}},"25":{"start":{"line":58,"column":2},"end":{"line":64,"column":3}},"26":{"start":{"line":59,"column":4},"end":{"line":59,"column":44}},"27":{"start":{"line":60,"column":4},"end":{"line":60,"column":41}},"28":{"start":{"line":61,"column":4},"end":{"line":61,"column":20}},"29":{"start":{"line":63,"column":4},"end":{"line":63,"column":37}},"30":{"start":{"line":67,"column":0},"end":{"line":76,"column":2}},"31":{"start":{"line":68,"column":2},"end":{"line":68,"column":19}},"32":{"start":{"line":69,"column":2},"end":{"line":75,"column":3}},"33":{"start":{"line":70,"column":4},"end":{"line":70,"column":44}},"34":{"start":{"line":71,"column":4},"end":{"line":71,"column":45}},"35":{"start":{"line":72,"column":4},"end":{"line":72,"column":20}},"36":{"start":{"line":74,"column":4},"end":{"line":74,"column":41}},"37":{"start":{"line":78,"column":0},"end":{"line":85,"column":2}},"38":{"start":{"line":79,"column":2},"end":{"line":79,"column":19}},"39":{"start":{"line":80,"column":2},"end":{"line":80,"column":105}},"40":{"start":{"line":81,"column":2},"end":{"line":81,"column":24}},"41":{"start":{"line":82,"column":2},"end":{"line":84,"column":3}},"42":{"start":{"line":83,"column":4},"end":{"line":83,"column":38}},"43":{"start":{"line":87,"column":0},"end":{"line":87,"column":27}},"44":{"start":{"line":88,"column":0},"end":{"line":88,"column":39}},"45":{"start":{"line":99,"column":0},"end":{"line":108,"column":2}},"46":{"start":{"line":100,"column":2},"end":{"line":100,"column":33}},"47":{"start":{"line":101,"column":2},"end":{"line":101,"column":29}},"48":{"start":{"line":102,"column":2},"end":{"line":102,"column":48}},"49":{"start":{"line":103,"column":2},"end":{"line":105,"column":3}},"50":{"start":{"line":104,"column":4},"end":{"line":104,"column":42}},"51":{"start":{"line":106,"column":2},"end":{"line":106,"column":38}},"52":{"start":{"line":107,"column":2},"end":{"line":107,"column":18}},"53":{"start":{"line":110,"column":0},"end":{"line":117,"column":2}},"54":{"start":{"line":119,"column":0},"end":{"line":119,"column":29}}},"branchMap":{"1":{"line":25,"type":"if","locations":[{"start":{"line":25,"column":2},"end":{"line":25,"column":2}},{"start":{"line":25,"column":2},"end":{"line":25,"column":2}}]},"2":{"line":36,"type":"if","locations":[{"start":{"line":36,"column":2},"end":{"line":36,"column":2}},{"start":{"line":36,"column":2},"end":{"line":36,"column":2}}]},"3":{"line":47,"type":"if","locations":[{"start":{"line":47,"column":2},"end":{"line":47,"column":2}},{"start":{"line":47,"column":2},"end":{"line":47,"column":2}}]},"4":{"line":58,"type":"if","locations":[{"start":{"line":58,"column":2},"end":{"line":58,"column":2}},{"start":{"line":58,"column":2},"end":{"line":58,"column":2}}]},"5":{"line":69,"type":"if","locations":[{"start":{"line":69,"column":2},"end":{"line":69,"column":2}},{"start":{"line":69,"column":2},"end":{"line":69,"column":2}}]},"6":{"line":82,"type":"if","locations":[{"start":{"line":82,"column":2},"end":{"line":82,"column":2}},{"start":{"line":82,"column":2},"end":{"line":82,"column":2}}]},"7":{"line":102,"type":"binary-expr","locations":[{"start":{"line":102,"column":23},"end":{"line":102,"column":29}},{"start":{"line":102,"column":33},"end":{"line":102,"column":47}}]},"8":{"line":103,"type":"if","locations":[{"start":{"line":103,"column":2},"end":{"line":103,"column":2}},{"start":{"line":103,"column":2},"end":{"line":103,"column":2}}]}},"code":["/**"," * Copyright 2013-2015, Facebook, Inc."," * All rights reserved."," *"," * This source code is licensed under the BSD-style license found in the"," * LICENSE file in the root directory of this source tree. An additional grant"," * of patent rights can be found in the PATENTS file in the same directory."," *"," * @providesModule PooledClass"," */","","'use strict';","","var invariant = function invariant() {};","","/**"," * Static poolers. Several custom versions for each potential number of"," * arguments. A completely generic pooler is easy to implement, but would"," * require accessing the `arguments` object. In each of these, `this` refers to"," * the Class itself, not an instance. If any others are needed, simply add them"," * here, or in their own files."," */","var oneArgumentPooler = function oneArgumentPooler(copyFieldsFrom) {","  var Klass = this;","  if (Klass.instancePool.length) {","    var instance = Klass.instancePool.pop();","    Klass.call(instance, copyFieldsFrom);","    return instance;","  } else {","    return new Klass(copyFieldsFrom);","  }","};","","var twoArgumentPooler = function twoArgumentPooler(a1, a2) {","  var Klass = this;","  if (Klass.instancePool.length) {","    var instance = Klass.instancePool.pop();","    Klass.call(instance, a1, a2);","    return instance;","  } else {","    return new Klass(a1, a2);","  }","};","","var threeArgumentPooler = function threeArgumentPooler(a1, a2, a3) {","  var Klass = this;","  if (Klass.instancePool.length) {","    var instance = Klass.instancePool.pop();","    Klass.call(instance, a1, a2, a3);","    return instance;","  } else {","    return new Klass(a1, a2, a3);","  }","};","","var fourArgumentPooler = function fourArgumentPooler(a1, a2, a3, a4) {","  var Klass = this;","  if (Klass.instancePool.length) {","    var instance = Klass.instancePool.pop();","    Klass.call(instance, a1, a2, a3, a4);","    return instance;","  } else {","    return new Klass(a1, a2, a3, a4);","  }","};","","var fiveArgumentPooler = function fiveArgumentPooler(a1, a2, a3, a4, a5) {","  var Klass = this;","  if (Klass.instancePool.length) {","    var instance = Klass.instancePool.pop();","    Klass.call(instance, a1, a2, a3, a4, a5);","    return instance;","  } else {","    return new Klass(a1, a2, a3, a4, a5);","  }","};","","var standardReleaser = function standardReleaser(instance) {","  var Klass = this;","  invariant(instance instanceof Klass, 'Trying to release an instance into a pool of a different type.');","  instance.destructor();","  if (Klass.instancePool.length < Klass.poolSize) {","    Klass.instancePool.push(instance);","  }","};","","var DEFAULT_POOL_SIZE = 10;","var DEFAULT_POOLER = oneArgumentPooler;","","/**"," * Augments `CopyConstructor` to be a poolable class, augmenting only the class"," * itself (statically) not adding any prototypical fields. Any CopyConstructor"," * you give this may have a `poolSize` property, and will look for a"," * prototypical `destructor` on instances (optional)."," *"," * @param {Function} CopyConstructor Constructor that can be used to reset."," * @param {Function} pooler Customizable pooler."," */","var addPoolingTo = function addPoolingTo(CopyConstructor, pooler) {","  var NewKlass = CopyConstructor;","  NewKlass.instancePool = [];","  NewKlass.getPooled = pooler || DEFAULT_POOLER;","  if (!NewKlass.poolSize) {","    NewKlass.poolSize = DEFAULT_POOL_SIZE;","  }","  NewKlass.release = standardReleaser;","  return NewKlass;","};","","var PooledClass = {","  addPoolingTo: addPoolingTo,","  oneArgumentPooler: oneArgumentPooler,","  twoArgumentPooler: twoArgumentPooler,","  threeArgumentPooler: threeArgumentPooler,","  fourArgumentPooler: fourArgumentPooler,","  fiveArgumentPooler: fiveArgumentPooler","};","","module.exports = PooledClass;"],"l":{"14":1,"23":1,"24":0,"25":0,"26":0,"27":0,"28":0,"30":0,"34":1,"35":0,"36":0,"37":0,"38":0,"39":0,"41":0,"45":1,"46":0,"47":0,"48":0,"49":0,"50":0,"52":0,"56":1,"57":0,"58":0,"59":0,"60":0,"61":0,"63":0,"67":1,"68":0,"69":0,"70":0,"71":0,"72":0,"74":0,"78":1,"79":0,"80":0,"81":0,"82":0,"83":0,"87":1,"88":1,"99":1,"100":0,"101":0,"102":0,"103":0,"104":0,"106":0,"107":0,"110":1,"119":1}},"/home/travis/build/npmtest/node-npmtest-react-lite/node_modules/react-lite/lib/utils/quoteAttributeValueForBrowser.js":{"path":"/home/travis/build/npmtest/node-npmtest-react-lite/node_modules/react-lite/lib/utils/quoteAttributeValueForBrowser.js","s":{"1":1,"2":1,"3":0,"4":1},"b":{},"f":{"1":0},"fnMap":{"1":{"name":"quoteAttributeValueForBrowser","line":22,"loc":{"start":{"line":22,"column":0},"end":{"line":22,"column":46}}}},"statementMap":{"1":{"start":{"line":14,"column":0},"end":{"line":14,"column":75}},"2":{"start":{"line":22,"column":0},"end":{"line":24,"column":1}},"3":{"start":{"line":23,"column":2},"end":{"line":23,"column":56}},"4":{"start":{"line":26,"column":0},"end":{"line":26,"column":47}}},"branchMap":{},"code":["/**"," * Copyright 2013-2015, Facebook, Inc."," * All rights reserved."," *"," * This source code is licensed under the BSD-style license found in the"," * LICENSE file in the root directory of this source tree. An additional grant"," * of patent rights can be found in the PATENTS file in the same directory."," *"," * @providesModule quoteAttributeValueForBrowser"," */","","'use strict';","","var escapeTextContentForBrowser = require('./escapeTextContentForBrowser');","","/**"," * Escapes attribute value to prevent scripting attacks."," *"," * @param {*} value Value to escape."," * @return {string} An escaped string."," */","function quoteAttributeValueForBrowser(value) {","  return '\"' + escapeTextContentForBrowser(value) + '\"';","}","","module.exports = quoteAttributeValueForBrowser;"],"l":{"14":1,"22":1,"23":0,"26":1}}}